{"/home/gfh/practicum/projects/stellar-burger/src/services/actions.ts": {"path":"/home/gfh/practicum/projects/stellar-burger/src/services/actions.ts","all":false,"statementMap":{"0":{"start":{"line":1,"column":0},"end":{"line":1,"column":8}},"1":{"start":{"line":2,"column":0},"end":{"line":2,"column":13}},"2":{"start":{"line":3,"column":0},"end":{"line":3,"column":16}},"3":{"start":{"line":4,"column":0},"end":{"line":4,"column":14}},"4":{"start":{"line":5,"column":0},"end":{"line":5,"column":20}},"5":{"start":{"line":6,"column":0},"end":{"line":6,"column":22}},"6":{"start":{"line":7,"column":0},"end":{"line":7,"column":15}},"7":{"start":{"line":8,"column":0},"end":{"line":8,"column":13}},"8":{"start":{"line":9,"column":0},"end":{"line":9,"column":15}},"9":{"start":{"line":10,"column":0},"end":{"line":10,"column":12}},"10":{"start":{"line":11,"column":0},"end":{"line":11,"column":17}},"11":{"start":{"line":12,"column":0},"end":{"line":12,"column":18}},"12":{"start":{"line":13,"column":0},"end":{"line":13,"column":15}},"13":{"start":{"line":14,"column":0},"end":{"line":14,"column":14}},"14":{"start":{"line":15,"column":0},"end":{"line":15,"column":52}},"15":{"start":{"line":16,"column":0},"end":{"line":16,"column":44}},"16":{"start":{"line":17,"column":0},"end":{"line":17,"column":8}},"17":{"start":{"line":18,"column":0},"end":{"line":18,"column":9}},"18":{"start":{"line":19,"column":0},"end":{"line":19,"column":17}},"19":{"start":{"line":20,"column":0},"end":{"line":20,"column":13}},"20":{"start":{"line":21,"column":0},"end":{"line":21,"column":10}},"21":{"start":{"line":22,"column":0},"end":{"line":22,"column":18}},"22":{"start":{"line":23,"column":0},"end":{"line":23,"column":28}},"23":{"start":{"line":24,"column":0},"end":{"line":24,"column":58}},"24":{"start":{"line":25,"column":0},"end":{"line":25,"column":0}},"25":{"start":{"line":26,"column":0},"end":{"line":26,"column":45}},"26":{"start":{"line":27,"column":0},"end":{"line":27,"column":24}},"27":{"start":{"line":28,"column":0},"end":{"line":28,"column":30}},"28":{"start":{"line":29,"column":0},"end":{"line":29,"column":35}},"29":{"start":{"line":30,"column":0},"end":{"line":30,"column":33}},"30":{"start":{"line":31,"column":0},"end":{"line":31,"column":39}},"31":{"start":{"line":32,"column":0},"end":{"line":32,"column":25}},"32":{"start":{"line":33,"column":0},"end":{"line":33,"column":25}},"33":{"start":{"line":34,"column":0},"end":{"line":34,"column":39}},"34":{"start":{"line":35,"column":0},"end":{"line":35,"column":10}},"35":{"start":{"line":36,"column":0},"end":{"line":36,"column":27}},"36":{"start":{"line":37,"column":0},"end":{"line":37,"column":44}},"37":{"start":{"line":38,"column":0},"end":{"line":38,"column":29}},"38":{"start":{"line":39,"column":0},"end":{"line":39,"column":10}},"39":{"start":{"line":40,"column":0},"end":{"line":40,"column":24}},"40":{"start":{"line":41,"column":0},"end":{"line":41,"column":37}},"41":{"start":{"line":42,"column":0},"end":{"line":42,"column":38}},"42":{"start":{"line":43,"column":0},"end":{"line":43,"column":11}},"43":{"start":{"line":44,"column":0},"end":{"line":44,"column":12}},"44":{"start":{"line":45,"column":0},"end":{"line":45,"column":33}},"45":{"start":{"line":46,"column":0},"end":{"line":46,"column":39}},"46":{"start":{"line":47,"column":0},"end":{"line":47,"column":5}},"47":{"start":{"line":48,"column":0},"end":{"line":48,"column":3}},"48":{"start":{"line":49,"column":0},"end":{"line":49,"column":2}},"49":{"start":{"line":50,"column":0},"end":{"line":50,"column":0}},"50":{"start":{"line":51,"column":0},"end":{"line":51,"column":50}},"51":{"start":{"line":52,"column":0},"end":{"line":52,"column":18}},"52":{"start":{"line":53,"column":0},"end":{"line":53,"column":53}},"53":{"start":{"line":54,"column":0},"end":{"line":54,"column":52}},"54":{"start":{"line":55,"column":0},"end":{"line":55,"column":2}},"55":{"start":{"line":56,"column":0},"end":{"line":56,"column":0}},"56":{"start":{"line":57,"column":0},"end":{"line":57,"column":47}},"57":{"start":{"line":58,"column":0},"end":{"line":58,"column":15}},"58":{"start":{"line":59,"column":0},"end":{"line":59,"column":44}},"59":{"start":{"line":60,"column":0},"end":{"line":60,"column":43}},"60":{"start":{"line":61,"column":0},"end":{"line":61,"column":2}},"61":{"start":{"line":62,"column":0},"end":{"line":62,"column":0}},"62":{"start":{"line":63,"column":0},"end":{"line":63,"column":48}},"63":{"start":{"line":64,"column":0},"end":{"line":64,"column":16}},"64":{"start":{"line":65,"column":0},"end":{"line":65,"column":67}},"65":{"start":{"line":66,"column":0},"end":{"line":66,"column":2}},"66":{"start":{"line":67,"column":0},"end":{"line":67,"column":0}},"67":{"start":{"line":68,"column":0},"end":{"line":68,"column":44}},"68":{"start":{"line":69,"column":0},"end":{"line":69,"column":20}},"69":{"start":{"line":70,"column":0},"end":{"line":70,"column":31}},"70":{"start":{"line":71,"column":0},"end":{"line":71,"column":2}},"71":{"start":{"line":72,"column":0},"end":{"line":72,"column":0}},"72":{"start":{"line":73,"column":0},"end":{"line":73,"column":72}},"73":{"start":{"line":74,"column":0},"end":{"line":74,"column":42}},"74":{"start":{"line":75,"column":0},"end":{"line":75,"column":21}},"75":{"start":{"line":76,"column":0},"end":{"line":76,"column":3}},"76":{"start":{"line":77,"column":0},"end":{"line":77,"column":0}},"77":{"start":{"line":78,"column":0},"end":{"line":78,"column":77}},"78":{"start":{"line":79,"column":0},"end":{"line":79,"column":48}},"79":{"start":{"line":80,"column":0},"end":{"line":80,"column":21}},"80":{"start":{"line":81,"column":0},"end":{"line":81,"column":3}},"81":{"start":{"line":82,"column":0},"end":{"line":82,"column":0}},"82":{"start":{"line":83,"column":0},"end":{"line":83,"column":49}},"83":{"start":{"line":84,"column":0},"end":{"line":84,"column":23}},"84":{"start":{"line":85,"column":0},"end":{"line":85,"column":30}},"85":{"start":{"line":86,"column":0},"end":{"line":86,"column":50}},"86":{"start":{"line":87,"column":0},"end":{"line":87,"column":36}},"87":{"start":{"line":88,"column":0},"end":{"line":88,"column":6}},"88":{"start":{"line":89,"column":0},"end":{"line":89,"column":76}},"89":{"start":{"line":90,"column":0},"end":{"line":90,"column":55}},"90":{"start":{"line":91,"column":0},"end":{"line":91,"column":17}},"91":{"start":{"line":92,"column":0},"end":{"line":92,"column":3}},"92":{"start":{"line":93,"column":0},"end":{"line":93,"column":2}},"93":{"start":{"line":94,"column":0},"end":{"line":94,"column":0}},"94":{"start":{"line":95,"column":0},"end":{"line":95,"column":47}},"95":{"start":{"line":96,"column":0},"end":{"line":96,"column":28}},"96":{"start":{"line":97,"column":0},"end":{"line":97,"column":53}},"97":{"start":{"line":98,"column":0},"end":{"line":98,"column":2}},"98":{"start":{"line":99,"column":0},"end":{"line":99,"column":0}},"99":{"start":{"line":100,"column":0},"end":{"line":100,"column":47}},"100":{"start":{"line":101,"column":0},"end":{"line":101,"column":18}},"101":{"start":{"line":102,"column":0},"end":{"line":102,"column":34}},"102":{"start":{"line":103,"column":0},"end":{"line":103,"column":2}}},"s":{"0":1,"1":1,"2":1,"3":1,"4":1,"5":1,"6":1,"7":1,"8":1,"9":1,"10":1,"11":1,"12":1,"13":1,"14":1,"15":1,"16":1,"17":1,"18":1,"19":1,"20":1,"21":1,"22":1,"23":1,"24":1,"25":1,"26":1,"27":1,"28":4,"29":3,"30":3,"31":3,"32":3,"33":2,"34":3,"35":3,"36":1,"37":1,"38":3,"39":3,"40":3,"41":3,"42":3,"43":4,"44":4,"45":4,"46":4,"47":4,"48":1,"49":1,"50":1,"51":1,"52":1,"53":2,"54":1,"55":1,"56":1,"57":1,"58":1,"59":2,"60":1,"61":1,"62":1,"63":1,"64":1,"65":1,"66":1,"67":1,"68":1,"69":1,"70":1,"71":1,"72":1,"73":2,"74":2,"75":1,"76":1,"77":1,"78":2,"79":2,"80":1,"81":1,"82":1,"83":1,"84":1,"85":2,"86":2,"87":2,"88":2,"89":2,"90":2,"91":2,"92":1,"93":1,"94":1,"95":1,"96":1,"97":1,"98":1,"99":1,"100":1,"101":1,"102":1},"branchMap":{"0":{"type":"branch","line":28,"loc":{"start":{"line":28,"column":2},"end":{"line":48,"column":3}},"locations":[{"start":{"line":28,"column":2},"end":{"line":48,"column":3}}]},"1":{"type":"branch","line":29,"loc":{"start":{"line":29,"column":34},"end":{"line":44,"column":5}},"locations":[{"start":{"line":29,"column":34},"end":{"line":44,"column":5}}]},"2":{"type":"branch","line":33,"loc":{"start":{"line":33,"column":14},"end":{"line":35,"column":9}},"locations":[{"start":{"line":33,"column":14},"end":{"line":35,"column":9}}]},"3":{"type":"branch","line":36,"loc":{"start":{"line":36,"column":15},"end":{"line":39,"column":9}},"locations":[{"start":{"line":36,"column":15},"end":{"line":39,"column":9}}]},"4":{"type":"branch","line":40,"loc":{"start":{"line":40,"column":17},"end":{"line":43,"column":9}},"locations":[{"start":{"line":40,"column":17},"end":{"line":43,"column":9}}]},"5":{"type":"branch","line":53,"loc":{"start":{"line":53,"column":2},"end":{"line":54,"column":52}},"locations":[{"start":{"line":53,"column":2},"end":{"line":54,"column":52}}]},"6":{"type":"branch","line":54,"loc":{"start":{"line":54,"column":4},"end":{"line":54,"column":52}},"locations":[{"start":{"line":54,"column":4},"end":{"line":54,"column":52}}]},"7":{"type":"branch","line":54,"loc":{"start":{"line":54,"column":4},"end":{"line":54,"column":52}},"locations":[{"start":{"line":54,"column":4},"end":{"line":54,"column":52}}]},"8":{"type":"branch","line":59,"loc":{"start":{"line":59,"column":2},"end":{"line":60,"column":43}},"locations":[{"start":{"line":59,"column":2},"end":{"line":60,"column":43}}]},"9":{"type":"branch","line":60,"loc":{"start":{"line":60,"column":4},"end":{"line":60,"column":43}},"locations":[{"start":{"line":60,"column":4},"end":{"line":60,"column":43}}]},"10":{"type":"branch","line":60,"loc":{"start":{"line":60,"column":4},"end":{"line":60,"column":43}},"locations":[{"start":{"line":60,"column":4},"end":{"line":60,"column":43}}]},"11":{"type":"branch","line":65,"loc":{"start":{"line":65,"column":2},"end":{"line":65,"column":67}},"locations":[{"start":{"line":65,"column":2},"end":{"line":65,"column":67}}]},"12":{"type":"branch","line":65,"loc":{"start":{"line":65,"column":37},"end":{"line":65,"column":67}},"locations":[{"start":{"line":65,"column":37},"end":{"line":65,"column":67}}]},"13":{"type":"branch","line":65,"loc":{"start":{"line":65,"column":37},"end":{"line":65,"column":67}},"locations":[{"start":{"line":65,"column":37},"end":{"line":65,"column":67}}]},"14":{"type":"branch","line":65,"loc":{"start":{"line":65,"column":42},"end":{"line":65,"column":67}},"locations":[{"start":{"line":65,"column":42},"end":{"line":65,"column":67}}]},"15":{"type":"branch","line":65,"loc":{"start":{"line":65,"column":42},"end":{"line":65,"column":67}},"locations":[{"start":{"line":65,"column":42},"end":{"line":65,"column":67}}]},"16":{"type":"branch","line":70,"loc":{"start":{"line":70,"column":2},"end":{"line":70,"column":31}},"locations":[{"start":{"line":70,"column":2},"end":{"line":70,"column":31}}]},"17":{"type":"branch","line":70,"loc":{"start":{"line":70,"column":2},"end":{"line":70,"column":31}},"locations":[{"start":{"line":70,"column":2},"end":{"line":70,"column":31}}]},"18":{"type":"branch","line":70,"loc":{"start":{"line":70,"column":2},"end":{"line":70,"column":31}},"locations":[{"start":{"line":70,"column":2},"end":{"line":70,"column":31}}]},"19":{"type":"branch","line":70,"loc":{"start":{"line":70,"column":14},"end":{"line":70,"column":31}},"locations":[{"start":{"line":70,"column":14},"end":{"line":70,"column":31}}]},"20":{"type":"branch","line":70,"loc":{"start":{"line":70,"column":14},"end":{"line":70,"column":31}},"locations":[{"start":{"line":70,"column":14},"end":{"line":70,"column":31}}]},"21":{"type":"branch","line":73,"loc":{"start":{"line":73,"column":59},"end":{"line":76,"column":2}},"locations":[{"start":{"line":73,"column":59},"end":{"line":76,"column":2}}]},"22":{"type":"branch","line":73,"loc":{"start":{"line":73,"column":59},"end":{"line":76,"column":2}},"locations":[{"start":{"line":73,"column":59},"end":{"line":76,"column":2}}]},"23":{"type":"branch","line":74,"loc":{"start":{"line":74,"column":22},"end":{"line":74,"column":42}},"locations":[{"start":{"line":74,"column":22},"end":{"line":74,"column":42}}]},"24":{"type":"branch","line":78,"loc":{"start":{"line":78,"column":64},"end":{"line":81,"column":2}},"locations":[{"start":{"line":78,"column":64},"end":{"line":81,"column":2}}]},"25":{"type":"branch","line":78,"loc":{"start":{"line":78,"column":64},"end":{"line":81,"column":2}},"locations":[{"start":{"line":78,"column":64},"end":{"line":81,"column":2}}]},"26":{"type":"branch","line":79,"loc":{"start":{"line":79,"column":22},"end":{"line":79,"column":48}},"locations":[{"start":{"line":79,"column":22},"end":{"line":79,"column":48}}]},"27":{"type":"branch","line":85,"loc":{"start":{"line":85,"column":2},"end":{"line":92,"column":3}},"locations":[{"start":{"line":85,"column":2},"end":{"line":92,"column":3}}]},"28":{"type":"branch","line":85,"loc":{"start":{"line":85,"column":24},"end":{"line":92,"column":3}},"locations":[{"start":{"line":85,"column":24},"end":{"line":92,"column":3}}]},"29":{"type":"branch","line":89,"loc":{"start":{"line":89,"column":69},"end":{"line":89,"column":75}},"locations":[{"start":{"line":89,"column":69},"end":{"line":89,"column":75}}]},"30":{"type":"branch","line":87,"loc":{"start":{"line":87,"column":6},"end":{"line":87,"column":32}},"locations":[{"start":{"line":87,"column":6},"end":{"line":87,"column":32}}]},"31":{"type":"branch","line":97,"loc":{"start":{"line":97,"column":2},"end":{"line":97,"column":53}},"locations":[{"start":{"line":97,"column":2},"end":{"line":97,"column":53}}]},"32":{"type":"branch","line":97,"loc":{"start":{"line":97,"column":19},"end":{"line":97,"column":53}},"locations":[{"start":{"line":97,"column":19},"end":{"line":97,"column":53}}]},"33":{"type":"branch","line":97,"loc":{"start":{"line":97,"column":19},"end":{"line":97,"column":53}},"locations":[{"start":{"line":97,"column":19},"end":{"line":97,"column":53}}]},"34":{"type":"branch","line":97,"loc":{"start":{"line":97,"column":24},"end":{"line":97,"column":53}},"locations":[{"start":{"line":97,"column":24},"end":{"line":97,"column":53}}]},"35":{"type":"branch","line":97,"loc":{"start":{"line":97,"column":24},"end":{"line":97,"column":53}},"locations":[{"start":{"line":97,"column":24},"end":{"line":97,"column":53}}]},"36":{"type":"branch","line":102,"loc":{"start":{"line":102,"column":2},"end":{"line":102,"column":34}},"locations":[{"start":{"line":102,"column":2},"end":{"line":102,"column":34}}]},"37":{"type":"branch","line":102,"loc":{"start":{"line":102,"column":2},"end":{"line":102,"column":34}},"locations":[{"start":{"line":102,"column":2},"end":{"line":102,"column":34}}]},"38":{"type":"branch","line":102,"loc":{"start":{"line":102,"column":2},"end":{"line":102,"column":34}},"locations":[{"start":{"line":102,"column":2},"end":{"line":102,"column":34}}]},"39":{"type":"branch","line":102,"loc":{"start":{"line":102,"column":14},"end":{"line":102,"column":34}},"locations":[{"start":{"line":102,"column":14},"end":{"line":102,"column":34}}]},"40":{"type":"branch","line":102,"loc":{"start":{"line":102,"column":14},"end":{"line":102,"column":34}},"locations":[{"start":{"line":102,"column":14},"end":{"line":102,"column":34}}]}},"b":{"0":[4],"1":[3],"2":[2],"3":[1],"4":[3],"5":[2],"6":[2],"7":[2],"8":[2],"9":[2],"10":[2],"11":[2],"12":[2],"13":[4],"14":[2],"15":[2],"16":[2],"17":[2],"18":[4],"19":[2],"20":[2],"21":[2],"22":[2],"23":[2],"24":[2],"25":[2],"26":[2],"27":[2],"28":[2],"29":[0],"30":[6],"31":[2],"32":[2],"33":[4],"34":[2],"35":[2],"36":[2],"37":[2],"38":[4],"39":[2],"40":[2]},"fnMap":{},"f":{}}
,"/home/gfh/practicum/projects/stellar-burger/src/services/store.ts": {"path":"/home/gfh/practicum/projects/stellar-burger/src/services/store.ts","all":false,"statementMap":{"0":{"start":{"line":1,"column":0},"end":{"line":1,"column":67}},"1":{"start":{"line":2,"column":0},"end":{"line":2,"column":38}},"2":{"start":{"line":3,"column":0},"end":{"line":3,"column":52}},"3":{"start":{"line":4,"column":0},"end":{"line":4,"column":40}},"4":{"start":{"line":5,"column":0},"end":{"line":5,"column":64}},"5":{"start":{"line":6,"column":0},"end":{"line":6,"column":52}},"6":{"start":{"line":7,"column":0},"end":{"line":7,"column":46}},"7":{"start":{"line":8,"column":0},"end":{"line":8,"column":0}},"8":{"start":{"line":9,"column":0},"end":{"line":9,"column":8}},"9":{"start":{"line":10,"column":0},"end":{"line":10,"column":23}},"10":{"start":{"line":11,"column":0},"end":{"line":11,"column":30}},"11":{"start":{"line":12,"column":0},"end":{"line":12,"column":29}},"12":{"start":{"line":13,"column":0},"end":{"line":13,"column":21}},"13":{"start":{"line":14,"column":0},"end":{"line":14,"column":0}},"14":{"start":{"line":15,"column":0},"end":{"line":15,"column":44}},"15":{"start":{"line":16,"column":0},"end":{"line":16,"column":7}},"16":{"start":{"line":17,"column":0},"end":{"line":17,"column":14}},"17":{"start":{"line":18,"column":0},"end":{"line":18,"column":8}},"18":{"start":{"line":19,"column":0},"end":{"line":19,"column":20}},"19":{"start":{"line":20,"column":0},"end":{"line":20,"column":14}},"20":{"start":{"line":21,"column":0},"end":{"line":21,"column":8}},"21":{"start":{"line":22,"column":0},"end":{"line":22,"column":3}},"22":{"start":{"line":23,"column":0},"end":{"line":23,"column":0}},"23":{"start":{"line":24,"column":0},"end":{"line":24,"column":30}},"24":{"start":{"line":25,"column":0},"end":{"line":25,"column":23}},"25":{"start":{"line":26,"column":0},"end":{"line":26,"column":49}},"26":{"start":{"line":27,"column":0},"end":{"line":27,"column":3}},"27":{"start":{"line":28,"column":0},"end":{"line":28,"column":0}},"28":{"start":{"line":29,"column":0},"end":{"line":29,"column":55}},"29":{"start":{"line":30,"column":0},"end":{"line":30,"column":0}},"30":{"start":{"line":31,"column":0},"end":{"line":31,"column":48}},"31":{"start":{"line":32,"column":0},"end":{"line":32,"column":0}},"32":{"start":{"line":33,"column":0},"end":{"line":33,"column":67}},"33":{"start":{"line":34,"column":0},"end":{"line":34,"column":73}},"34":{"start":{"line":35,"column":0},"end":{"line":35,"column":0}},"35":{"start":{"line":36,"column":0},"end":{"line":36,"column":21}}},"s":{"0":1,"1":1,"2":1,"3":1,"4":1,"5":1,"6":1,"7":1,"8":1,"9":1,"10":1,"11":1,"12":1,"13":1,"14":1,"15":1,"16":1,"17":1,"18":1,"19":1,"20":1,"21":1,"22":1,"23":1,"24":1,"25":1,"26":1,"27":1,"28":1,"29":1,"30":1,"31":1,"32":1,"33":1,"34":1,"35":1},"branchMap":{},"b":{},"fnMap":{"0":{"name":"useDispatch","decl":{"start":{"line":33,"column":46},"end":{"line":33,"column":64}},"loc":{"start":{"line":33,"column":46},"end":{"line":33,"column":64}},"line":33}},"f":{"0":0}}
,"/home/gfh/practicum/projects/stellar-burger/src/services/slices/burgerConstructorSlice.ts": {"path":"/home/gfh/practicum/projects/stellar-burger/src/services/slices/burgerConstructorSlice.ts","all":false,"statementMap":{"0":{"start":{"line":1,"column":0},"end":{"line":1,"column":80}},"1":{"start":{"line":2,"column":0},"end":{"line":2,"column":75}},"2":{"start":{"line":3,"column":0},"end":{"line":3,"column":42}},"3":{"start":{"line":4,"column":0},"end":{"line":4,"column":38}},"4":{"start":{"line":5,"column":0},"end":{"line":5,"column":0}},"5":{"start":{"line":6,"column":0},"end":{"line":6,"column":23}},"6":{"start":{"line":7,"column":0},"end":{"line":7,"column":26}},"7":{"start":{"line":8,"column":0},"end":{"line":8,"column":40}},"8":{"start":{"line":9,"column":0},"end":{"line":9,"column":2}},"9":{"start":{"line":10,"column":0},"end":{"line":10,"column":0}},"10":{"start":{"line":11,"column":0},"end":{"line":11,"column":38}},"11":{"start":{"line":12,"column":0},"end":{"line":12,"column":12}},"12":{"start":{"line":13,"column":0},"end":{"line":13,"column":17}},"13":{"start":{"line":14,"column":0},"end":{"line":14,"column":2}},"14":{"start":{"line":15,"column":0},"end":{"line":15,"column":0}},"15":{"start":{"line":16,"column":0},"end":{"line":16,"column":44}},"16":{"start":{"line":17,"column":0},"end":{"line":17,"column":28}},"17":{"start":{"line":18,"column":0},"end":{"line":18,"column":15}},"18":{"start":{"line":19,"column":0},"end":{"line":19,"column":13}},"19":{"start":{"line":20,"column":0},"end":{"line":20,"column":29}},"20":{"start":{"line":21,"column":0},"end":{"line":21,"column":23}},"21":{"start":{"line":22,"column":0},"end":{"line":22,"column":29}},"22":{"start":{"line":23,"column":0},"end":{"line":23,"column":6}},"23":{"start":{"line":24,"column":0},"end":{"line":24,"column":20}},"24":{"start":{"line":25,"column":0},"end":{"line":25,"column":16}},"25":{"start":{"line":26,"column":0},"end":{"line":26,"column":14}},"26":{"start":{"line":27,"column":0},"end":{"line":27,"column":67}},"27":{"start":{"line":28,"column":0},"end":{"line":28,"column":12}},"28":{"start":{"line":29,"column":0},"end":{"line":29,"column":37}},"29":{"start":{"line":30,"column":0},"end":{"line":30,"column":49}},"30":{"start":{"line":31,"column":0},"end":{"line":31,"column":16}},"31":{"start":{"line":32,"column":0},"end":{"line":32,"column":37}},"32":{"start":{"line":33,"column":0},"end":{"line":33,"column":9}},"33":{"start":{"line":34,"column":0},"end":{"line":34,"column":8}},"34":{"start":{"line":35,"column":0},"end":{"line":35,"column":58}},"35":{"start":{"line":36,"column":0},"end":{"line":36,"column":79}},"36":{"start":{"line":37,"column":0},"end":{"line":37,"column":8}},"37":{"start":{"line":38,"column":0},"end":{"line":38,"column":6}},"38":{"start":{"line":39,"column":0},"end":{"line":39,"column":23}},"39":{"start":{"line":40,"column":0},"end":{"line":40,"column":12}},"40":{"start":{"line":41,"column":0},"end":{"line":41,"column":51}},"41":{"start":{"line":42,"column":0},"end":{"line":42,"column":10}},"42":{"start":{"line":43,"column":0},"end":{"line":43,"column":68}},"43":{"start":{"line":44,"column":0},"end":{"line":44,"column":44}},"44":{"start":{"line":45,"column":0},"end":{"line":45,"column":22}},"45":{"start":{"line":46,"column":0},"end":{"line":46,"column":9}},"46":{"start":{"line":47,"column":0},"end":{"line":47,"column":51}},"47":{"start":{"line":48,"column":0},"end":{"line":48,"column":9}},"48":{"start":{"line":49,"column":0},"end":{"line":49,"column":6}},"49":{"start":{"line":50,"column":0},"end":{"line":50,"column":21}},"50":{"start":{"line":51,"column":0},"end":{"line":51,"column":12}},"51":{"start":{"line":52,"column":0},"end":{"line":52,"column":29}},"52":{"start":{"line":53,"column":0},"end":{"line":53,"column":26}},"53":{"start":{"line":54,"column":0},"end":{"line":54,"column":43}},"54":{"start":{"line":55,"column":0},"end":{"line":55,"column":8}},"55":{"start":{"line":56,"column":0},"end":{"line":56,"column":10}},"56":{"start":{"line":57,"column":0},"end":{"line":57,"column":45}},"57":{"start":{"line":58,"column":0},"end":{"line":58,"column":52}},"58":{"start":{"line":59,"column":0},"end":{"line":59,"column":73}},"59":{"start":{"line":60,"column":0},"end":{"line":60,"column":12}},"60":{"start":{"line":61,"column":0},"end":{"line":61,"column":8}},"61":{"start":{"line":62,"column":0},"end":{"line":62,"column":27}},"62":{"start":{"line":63,"column":0},"end":{"line":63,"column":59}},"63":{"start":{"line":64,"column":0},"end":{"line":64,"column":57}},"64":{"start":{"line":65,"column":0},"end":{"line":65,"column":53}},"65":{"start":{"line":66,"column":0},"end":{"line":66,"column":37}},"66":{"start":{"line":67,"column":0},"end":{"line":67,"column":26}},"67":{"start":{"line":68,"column":0},"end":{"line":68,"column":9}},"68":{"start":{"line":69,"column":0},"end":{"line":69,"column":36}},"69":{"start":{"line":70,"column":0},"end":{"line":70,"column":55}},"70":{"start":{"line":71,"column":0},"end":{"line":71,"column":68}},"71":{"start":{"line":72,"column":0},"end":{"line":72,"column":55}},"72":{"start":{"line":73,"column":0},"end":{"line":73,"column":9}},"73":{"start":{"line":74,"column":0},"end":{"line":74,"column":7}},"74":{"start":{"line":75,"column":0},"end":{"line":75,"column":5}},"75":{"start":{"line":76,"column":0},"end":{"line":76,"column":4}},"76":{"start":{"line":77,"column":0},"end":{"line":77,"column":14}},"77":{"start":{"line":78,"column":0},"end":{"line":78,"column":44}},"78":{"start":{"line":79,"column":0},"end":{"line":79,"column":3}},"79":{"start":{"line":80,"column":0},"end":{"line":80,"column":3}},"80":{"start":{"line":81,"column":0},"end":{"line":81,"column":0}},"81":{"start":{"line":82,"column":0},"end":{"line":82,"column":65}},"82":{"start":{"line":83,"column":0},"end":{"line":83,"column":79}},"83":{"start":{"line":84,"column":0},"end":{"line":84,"column":33}},"84":{"start":{"line":85,"column":0},"end":{"line":85,"column":46}}},"s":{"0":1,"1":1,"2":1,"3":1,"4":1,"5":1,"6":1,"7":1,"8":1,"9":1,"10":1,"11":1,"12":1,"13":1,"14":1,"15":1,"16":1,"17":1,"18":1,"19":1,"20":1,"21":1,"22":1,"23":1,"24":1,"25":2,"26":2,"27":2,"28":2,"29":1,"30":1,"31":1,"32":1,"33":1,"34":1,"35":1,"36":1,"37":1,"38":1,"39":3,"40":3,"41":3,"42":3,"43":6,"44":3,"45":3,"46":3,"47":3,"48":1,"49":1,"50":4,"51":4,"52":4,"53":4,"54":4,"55":4,"56":4,"57":4,"58":4,"59":4,"60":4,"61":4,"62":4,"63":4,"64":1,"65":4,"66":1,"67":1,"68":4,"69":2,"70":2,"71":2,"72":2,"73":4,"74":4,"75":1,"76":1,"77":1,"78":1,"79":1,"80":1,"81":1,"82":1,"83":1,"84":1},"branchMap":{"0":{"type":"branch","line":20,"loc":{"start":{"line":20,"column":17},"end":{"line":23,"column":5}},"locations":[{"start":{"line":20,"column":17},"end":{"line":23,"column":5}}]},"1":{"type":"branch","line":25,"loc":{"start":{"line":25,"column":15},"end":{"line":34,"column":7}},"locations":[{"start":{"line":25,"column":15},"end":{"line":34,"column":7}}]},"2":{"type":"branch","line":29,"loc":{"start":{"line":29,"column":36},"end":{"line":33,"column":9}},"locations":[{"start":{"line":29,"column":36},"end":{"line":33,"column":9}}]},"3":{"type":"branch","line":35,"loc":{"start":{"line":35,"column":15},"end":{"line":35,"column":57}},"locations":[{"start":{"line":35,"column":15},"end":{"line":35,"column":57}}]},"4":{"type":"branch","line":36,"loc":{"start":{"line":36,"column":43},"end":{"line":36,"column":55}},"locations":[{"start":{"line":36,"column":43},"end":{"line":36,"column":55}}]},"5":{"type":"branch","line":36,"loc":{"start":{"line":36,"column":56},"end":{"line":36,"column":79}},"locations":[{"start":{"line":36,"column":56},"end":{"line":36,"column":79}}]},"6":{"type":"branch","line":39,"loc":{"start":{"line":39,"column":22},"end":{"line":49,"column":5}},"locations":[{"start":{"line":39,"column":22},"end":{"line":49,"column":5}}]},"7":{"type":"branch","line":43,"loc":{"start":{"line":43,"column":51},"end":{"line":48,"column":7}},"locations":[{"start":{"line":43,"column":51},"end":{"line":48,"column":7}}]},"8":{"type":"branch","line":44,"loc":{"start":{"line":44,"column":43},"end":{"line":48,"column":7}},"locations":[{"start":{"line":44,"column":43},"end":{"line":48,"column":7}}]},"9":{"type":"branch","line":50,"loc":{"start":{"line":50,"column":20},"end":{"line":75,"column":5}},"locations":[{"start":{"line":50,"column":20},"end":{"line":75,"column":5}}]},"10":{"type":"branch","line":64,"loc":{"start":{"line":64,"column":56},"end":{"line":66,"column":9}},"locations":[{"start":{"line":64,"column":56},"end":{"line":66,"column":9}}]},"11":{"type":"branch","line":66,"loc":{"start":{"line":66,"column":9},"end":{"line":68,"column":9}},"locations":[{"start":{"line":66,"column":9},"end":{"line":68,"column":9}}]},"12":{"type":"branch","line":66,"loc":{"start":{"line":66,"column":36},"end":{"line":68,"column":9}},"locations":[{"start":{"line":66,"column":36},"end":{"line":68,"column":9}}]},"13":{"type":"branch","line":69,"loc":{"start":{"line":69,"column":35},"end":{"line":73,"column":9}},"locations":[{"start":{"line":69,"column":35},"end":{"line":73,"column":9}}]},"14":{"type":"branch","line":58,"loc":{"start":{"line":58,"column":8},"end":{"line":59,"column":20}},"locations":[{"start":{"line":58,"column":8},"end":{"line":59,"column":20}}]},"15":{"type":"branch","line":59,"loc":{"start":{"line":59,"column":57},"end":{"line":59,"column":64}},"locations":[{"start":{"line":59,"column":57},"end":{"line":59,"column":64}}]},"16":{"type":"branch","line":59,"loc":{"start":{"line":59,"column":65},"end":{"line":59,"column":72}},"locations":[{"start":{"line":59,"column":65},"end":{"line":59,"column":72}}]}},"b":{"0":[1],"1":[2],"2":[1],"3":[2],"4":[1],"5":[1],"6":[3],"7":[6],"8":[3],"9":[4],"10":[1],"11":[3],"12":[1],"13":[2],"14":[12],"15":[4],"16":[8]},"fnMap":{"0":{"name":"clearBurger","decl":{"start":{"line":20,"column":17},"end":{"line":23,"column":5}},"loc":{"start":{"line":20,"column":17},"end":{"line":23,"column":5}},"line":20},"1":{"name":"reducer","decl":{"start":{"line":25,"column":15},"end":{"line":34,"column":7}},"loc":{"start":{"line":25,"column":15},"end":{"line":34,"column":7}},"line":25},"2":{"name":"prepare","decl":{"start":{"line":35,"column":15},"end":{"line":35,"column":57}},"loc":{"start":{"line":35,"column":15},"end":{"line":35,"column":57}},"line":35},"3":{"name":"removeIngredient","decl":{"start":{"line":39,"column":22},"end":{"line":49,"column":5}},"loc":{"start":{"line":39,"column":22},"end":{"line":49,"column":5}},"line":39},"4":{"name":"moveIngredient","decl":{"start":{"line":50,"column":20},"end":{"line":75,"column":5}},"loc":{"start":{"line":50,"column":20},"end":{"line":75,"column":5}},"line":50},"5":{"name":"selectBurger","decl":{"start":{"line":78,"column":18},"end":{"line":78,"column":44}},"loc":{"start":{"line":78,"column":18},"end":{"line":78,"column":44}},"line":78}},"f":{"0":1,"1":2,"2":2,"3":3,"4":4,"5":0}}
,"/home/gfh/practicum/projects/stellar-burger/src/services/slices/feedsSlice.ts": {"path":"/home/gfh/practicum/projects/stellar-burger/src/services/slices/feedsSlice.ts","all":false,"statementMap":{"0":{"start":{"line":1,"column":0},"end":{"line":1,"column":64}},"1":{"start":{"line":2,"column":0},"end":{"line":2,"column":38}},"2":{"start":{"line":3,"column":0},"end":{"line":3,"column":43}},"3":{"start":{"line":4,"column":0},"end":{"line":4,"column":0}},"4":{"start":{"line":5,"column":0},"end":{"line":5,"column":29}},"5":{"start":{"line":6,"column":0},"end":{"line":6,"column":19}},"6":{"start":{"line":7,"column":0},"end":{"line":7,"column":16}},"7":{"start":{"line":8,"column":0},"end":{"line":8,"column":21}},"8":{"start":{"line":9,"column":0},"end":{"line":9,"column":18}},"9":{"start":{"line":10,"column":0},"end":{"line":10,"column":21}},"10":{"start":{"line":11,"column":0},"end":{"line":11,"column":32}},"11":{"start":{"line":12,"column":0},"end":{"line":12,"column":1}},"12":{"start":{"line":13,"column":0},"end":{"line":13,"column":0}},"13":{"start":{"line":14,"column":0},"end":{"line":14,"column":41}},"14":{"start":{"line":15,"column":0},"end":{"line":15,"column":13}},"15":{"start":{"line":16,"column":0},"end":{"line":16,"column":11}},"16":{"start":{"line":17,"column":0},"end":{"line":17,"column":16}},"17":{"start":{"line":18,"column":0},"end":{"line":18,"column":16}},"18":{"start":{"line":19,"column":0},"end":{"line":19,"column":19}},"19":{"start":{"line":20,"column":0},"end":{"line":20,"column":13}},"20":{"start":{"line":21,"column":0},"end":{"line":21,"column":2}},"21":{"start":{"line":22,"column":0},"end":{"line":22,"column":0}},"22":{"start":{"line":23,"column":0},"end":{"line":23,"column":32}},"23":{"start":{"line":24,"column":0},"end":{"line":24,"column":16}},"24":{"start":{"line":25,"column":0},"end":{"line":25,"column":15}},"25":{"start":{"line":26,"column":0},"end":{"line":26,"column":15}},"26":{"start":{"line":27,"column":0},"end":{"line":27,"column":14}},"27":{"start":{"line":28,"column":0},"end":{"line":28,"column":57}},"28":{"start":{"line":29,"column":0},"end":{"line":29,"column":61}},"29":{"start":{"line":30,"column":0},"end":{"line":30,"column":55}},"30":{"start":{"line":31,"column":0},"end":{"line":31,"column":55}},"31":{"start":{"line":32,"column":0},"end":{"line":32,"column":65}},"32":{"start":{"line":33,"column":0},"end":{"line":33,"column":54}},"33":{"start":{"line":34,"column":0},"end":{"line":34,"column":4}},"34":{"start":{"line":35,"column":0},"end":{"line":35,"column":31}},"35":{"start":{"line":36,"column":0},"end":{"line":36,"column":11}},"36":{"start":{"line":37,"column":0},"end":{"line":37,"column":50}},"37":{"start":{"line":38,"column":0},"end":{"line":38,"column":31}},"38":{"start":{"line":39,"column":0},"end":{"line":39,"column":27}},"39":{"start":{"line":40,"column":0},"end":{"line":40,"column":26}},"40":{"start":{"line":41,"column":0},"end":{"line":41,"column":24}},"41":{"start":{"line":42,"column":0},"end":{"line":42,"column":29}},"42":{"start":{"line":43,"column":0},"end":{"line":43,"column":8}},"43":{"start":{"line":44,"column":0},"end":{"line":44,"column":59}},"44":{"start":{"line":45,"column":0},"end":{"line":45,"column":28}},"45":{"start":{"line":46,"column":0},"end":{"line":46,"column":32}},"46":{"start":{"line":47,"column":0},"end":{"line":47,"column":35}},"47":{"start":{"line":48,"column":0},"end":{"line":48,"column":8}},"48":{"start":{"line":49,"column":0},"end":{"line":49,"column":60}},"49":{"start":{"line":50,"column":0},"end":{"line":50,"column":28}},"50":{"start":{"line":51,"column":0},"end":{"line":51,"column":32}},"51":{"start":{"line":52,"column":0},"end":{"line":52,"column":45}},"52":{"start":{"line":53,"column":0},"end":{"line":53,"column":43}},"53":{"start":{"line":54,"column":0},"end":{"line":54,"column":53}},"54":{"start":{"line":55,"column":0},"end":{"line":55,"column":9}},"55":{"start":{"line":56,"column":0},"end":{"line":56,"column":3}},"56":{"start":{"line":57,"column":0},"end":{"line":57,"column":3}},"57":{"start":{"line":58,"column":0},"end":{"line":58,"column":0}},"58":{"start":{"line":59,"column":0},"end":{"line":59,"column":14}},"59":{"start":{"line":60,"column":0},"end":{"line":60,"column":20}},"60":{"start":{"line":61,"column":0},"end":{"line":61,"column":21}},"61":{"start":{"line":62,"column":0},"end":{"line":62,"column":18}},"62":{"start":{"line":63,"column":0},"end":{"line":63,"column":19}},"63":{"start":{"line":64,"column":0},"end":{"line":64,"column":24}},"64":{"start":{"line":65,"column":0},"end":{"line":65,"column":18}},"65":{"start":{"line":66,"column":0},"end":{"line":66,"column":25}},"66":{"start":{"line":67,"column":0},"end":{"line":67,"column":0}},"67":{"start":{"line":68,"column":0},"end":{"line":68,"column":34}}},"s":{"0":1,"1":1,"2":1,"3":1,"4":1,"5":1,"6":1,"7":1,"8":1,"9":1,"10":1,"11":1,"12":1,"13":1,"14":1,"15":1,"16":1,"17":1,"18":1,"19":1,"20":1,"21":1,"22":1,"23":1,"24":1,"25":1,"26":1,"27":1,"28":1,"29":1,"30":1,"31":1,"32":1,"33":1,"34":1,"35":6,"36":6,"37":3,"38":3,"39":3,"40":3,"41":3,"42":6,"43":6,"44":2,"45":2,"46":2,"47":6,"48":6,"49":2,"50":2,"51":2,"52":2,"53":2,"54":6,"55":6,"56":1,"57":1,"58":1,"59":1,"60":1,"61":1,"62":1,"63":1,"64":1,"65":1,"66":1,"67":1},"branchMap":{"0":{"type":"branch","line":35,"loc":{"start":{"line":35,"column":17},"end":{"line":56,"column":3}},"locations":[{"start":{"line":35,"column":17},"end":{"line":56,"column":3}}]},"1":{"type":"branch","line":37,"loc":{"start":{"line":37,"column":38},"end":{"line":43,"column":7}},"locations":[{"start":{"line":37,"column":38},"end":{"line":43,"column":7}}]},"2":{"type":"branch","line":44,"loc":{"start":{"line":44,"column":39},"end":{"line":48,"column":7}},"locations":[{"start":{"line":44,"column":39},"end":{"line":48,"column":7}}]},"3":{"type":"branch","line":49,"loc":{"start":{"line":49,"column":40},"end":{"line":55,"column":7}},"locations":[{"start":{"line":49,"column":40},"end":{"line":55,"column":7}}]}},"b":{"0":[6],"1":[3],"2":[2],"3":[2]},"fnMap":{"0":{"name":"selectFeedsOrders","decl":{"start":{"line":28,"column":23},"end":{"line":28,"column":49}},"loc":{"start":{"line":28,"column":23},"end":{"line":28,"column":49}},"line":28},"1":{"name":"selectFeedsLoading","decl":{"start":{"line":29,"column":24},"end":{"line":29,"column":50}},"loc":{"start":{"line":29,"column":24},"end":{"line":29,"column":50}},"line":29},"2":{"name":"selectFeedsInit","decl":{"start":{"line":30,"column":21},"end":{"line":30,"column":47}},"loc":{"start":{"line":30,"column":21},"end":{"line":30,"column":47}},"line":30},"3":{"name":"selectFeedsTotal","decl":{"start":{"line":31,"column":22},"end":{"line":31,"column":48}},"loc":{"start":{"line":31,"column":22},"end":{"line":31,"column":48}},"line":31},"4":{"name":"selectFeedsTotalToday","decl":{"start":{"line":32,"column":27},"end":{"line":32,"column":53}},"loc":{"start":{"line":32,"column":27},"end":{"line":32,"column":53}},"line":32},"5":{"name":"selectFeedsError","decl":{"start":{"line":33,"column":22},"end":{"line":33,"column":48}},"loc":{"start":{"line":33,"column":22},"end":{"line":33,"column":48}},"line":33},"6":{"name":"extraReducers","decl":{"start":{"line":35,"column":17},"end":{"line":56,"column":3}},"loc":{"start":{"line":35,"column":17},"end":{"line":56,"column":3}},"line":35}},"f":{"0":0,"1":0,"2":0,"3":0,"4":0,"5":0,"6":6}}
,"/home/gfh/practicum/projects/stellar-burger/src/services/slices/ingredientsSlice.ts": {"path":"/home/gfh/practicum/projects/stellar-burger/src/services/slices/ingredientsSlice.ts","all":false,"statementMap":{"0":{"start":{"line":1,"column":0},"end":{"line":1,"column":64}},"1":{"start":{"line":2,"column":0},"end":{"line":2,"column":43}},"2":{"start":{"line":3,"column":0},"end":{"line":3,"column":49}},"3":{"start":{"line":4,"column":0},"end":{"line":4,"column":0}},"4":{"start":{"line":5,"column":0},"end":{"line":5,"column":35}},"5":{"start":{"line":6,"column":0},"end":{"line":6,"column":18}},"6":{"start":{"line":7,"column":0},"end":{"line":7,"column":21}},"7":{"start":{"line":8,"column":0},"end":{"line":8,"column":29}},"8":{"start":{"line":9,"column":0},"end":{"line":9,"column":32}},"9":{"start":{"line":10,"column":0},"end":{"line":10,"column":1}},"10":{"start":{"line":11,"column":0},"end":{"line":11,"column":0}},"11":{"start":{"line":12,"column":0},"end":{"line":12,"column":47}},"12":{"start":{"line":13,"column":0},"end":{"line":13,"column":16}},"13":{"start":{"line":14,"column":0},"end":{"line":14,"column":19}},"14":{"start":{"line":15,"column":0},"end":{"line":15,"column":18}},"15":{"start":{"line":16,"column":0},"end":{"line":16,"column":13}},"16":{"start":{"line":17,"column":0},"end":{"line":17,"column":2}},"17":{"start":{"line":18,"column":0},"end":{"line":18,"column":0}},"18":{"start":{"line":19,"column":0},"end":{"line":19,"column":38}},"19":{"start":{"line":20,"column":0},"end":{"line":20,"column":22}},"20":{"start":{"line":21,"column":0},"end":{"line":21,"column":15}},"21":{"start":{"line":22,"column":0},"end":{"line":22,"column":15}},"22":{"start":{"line":23,"column":0},"end":{"line":23,"column":14}},"23":{"start":{"line":24,"column":0},"end":{"line":24,"column":62}},"24":{"start":{"line":25,"column":0},"end":{"line":25,"column":67}},"25":{"start":{"line":26,"column":0},"end":{"line":26,"column":61}},"26":{"start":{"line":27,"column":0},"end":{"line":27,"column":60}},"27":{"start":{"line":28,"column":0},"end":{"line":28,"column":4}},"28":{"start":{"line":29,"column":0},"end":{"line":29,"column":31}},"29":{"start":{"line":30,"column":0},"end":{"line":30,"column":11}},"30":{"start":{"line":31,"column":0},"end":{"line":31,"column":56}},"31":{"start":{"line":32,"column":0},"end":{"line":32,"column":31}},"32":{"start":{"line":33,"column":0},"end":{"line":33,"column":27}},"33":{"start":{"line":34,"column":0},"end":{"line":34,"column":31}},"34":{"start":{"line":35,"column":0},"end":{"line":35,"column":8}},"35":{"start":{"line":36,"column":0},"end":{"line":36,"column":65}},"36":{"start":{"line":37,"column":0},"end":{"line":37,"column":28}},"37":{"start":{"line":38,"column":0},"end":{"line":38,"column":32}},"38":{"start":{"line":39,"column":0},"end":{"line":39,"column":35}},"39":{"start":{"line":40,"column":0},"end":{"line":40,"column":8}},"40":{"start":{"line":41,"column":0},"end":{"line":41,"column":66}},"41":{"start":{"line":42,"column":0},"end":{"line":42,"column":28}},"42":{"start":{"line":43,"column":0},"end":{"line":43,"column":32}},"43":{"start":{"line":44,"column":0},"end":{"line":44,"column":43}},"44":{"start":{"line":45,"column":0},"end":{"line":45,"column":9}},"45":{"start":{"line":46,"column":0},"end":{"line":46,"column":3}},"46":{"start":{"line":47,"column":0},"end":{"line":47,"column":3}},"47":{"start":{"line":48,"column":0},"end":{"line":48,"column":0}},"48":{"start":{"line":49,"column":0},"end":{"line":49,"column":14}},"49":{"start":{"line":50,"column":0},"end":{"line":50,"column":20}},"50":{"start":{"line":51,"column":0},"end":{"line":51,"column":27}},"51":{"start":{"line":52,"column":0},"end":{"line":52,"column":24}},"52":{"start":{"line":53,"column":0},"end":{"line":53,"column":24}},"53":{"start":{"line":54,"column":0},"end":{"line":54,"column":31}},"54":{"start":{"line":55,"column":0},"end":{"line":55,"column":40}}},"s":{"0":1,"1":1,"2":1,"3":1,"4":1,"5":1,"6":1,"7":1,"8":1,"9":1,"10":1,"11":1,"12":1,"13":1,"14":1,"15":1,"16":1,"17":1,"18":1,"19":1,"20":1,"21":1,"22":1,"23":1,"24":1,"25":1,"26":1,"27":1,"28":1,"29":6,"30":6,"31":3,"32":3,"33":3,"34":6,"35":6,"36":2,"37":2,"38":2,"39":6,"40":6,"41":2,"42":2,"43":2,"44":6,"45":6,"46":1,"47":1,"48":1,"49":1,"50":1,"51":1,"52":1,"53":1,"54":1},"branchMap":{"0":{"type":"branch","line":29,"loc":{"start":{"line":29,"column":17},"end":{"line":46,"column":3}},"locations":[{"start":{"line":29,"column":17},"end":{"line":46,"column":3}}]},"1":{"type":"branch","line":31,"loc":{"start":{"line":31,"column":44},"end":{"line":35,"column":7}},"locations":[{"start":{"line":31,"column":44},"end":{"line":35,"column":7}}]},"2":{"type":"branch","line":36,"loc":{"start":{"line":36,"column":45},"end":{"line":40,"column":7}},"locations":[{"start":{"line":36,"column":45},"end":{"line":40,"column":7}}]},"3":{"type":"branch","line":41,"loc":{"start":{"line":41,"column":46},"end":{"line":45,"column":7}},"locations":[{"start":{"line":41,"column":46},"end":{"line":45,"column":7}}]}},"b":{"0":[6],"1":[3],"2":[2],"3":[2]},"fnMap":{"0":{"name":"selectIngredients","decl":{"start":{"line":24,"column":23},"end":{"line":24,"column":49}},"loc":{"start":{"line":24,"column":23},"end":{"line":24,"column":49}},"line":24},"1":{"name":"selectIngredientsLoading","decl":{"start":{"line":25,"column":30},"end":{"line":25,"column":56}},"loc":{"start":{"line":25,"column":30},"end":{"line":25,"column":56}},"line":25},"2":{"name":"selectIngredientsInit","decl":{"start":{"line":26,"column":27},"end":{"line":26,"column":53}},"loc":{"start":{"line":26,"column":27},"end":{"line":26,"column":53}},"line":26},"3":{"name":"selectIngredientsError","decl":{"start":{"line":27,"column":28},"end":{"line":27,"column":54}},"loc":{"start":{"line":27,"column":28},"end":{"line":27,"column":54}},"line":27},"4":{"name":"extraReducers","decl":{"start":{"line":29,"column":17},"end":{"line":46,"column":3}},"loc":{"start":{"line":29,"column":17},"end":{"line":46,"column":3}},"line":29}},"f":{"0":0,"1":0,"2":0,"3":0,"4":6}}
,"/home/gfh/practicum/projects/stellar-burger/src/services/slices/orderBurgerSlice.ts": {"path":"/home/gfh/practicum/projects/stellar-burger/src/services/slices/orderBurgerSlice.ts","all":false,"statementMap":{"0":{"start":{"line":1,"column":0},"end":{"line":1,"column":64}},"1":{"start":{"line":2,"column":0},"end":{"line":2,"column":38}},"2":{"start":{"line":3,"column":0},"end":{"line":3,"column":46}},"3":{"start":{"line":4,"column":0},"end":{"line":4,"column":0}},"4":{"start":{"line":5,"column":0},"end":{"line":5,"column":23}},"5":{"start":{"line":6,"column":0},"end":{"line":6,"column":23}},"6":{"start":{"line":7,"column":0},"end":{"line":7,"column":24}},"7":{"start":{"line":8,"column":0},"end":{"line":8,"column":37}},"8":{"start":{"line":9,"column":0},"end":{"line":9,"column":1}},"9":{"start":{"line":10,"column":0},"end":{"line":10,"column":0}},"10":{"start":{"line":11,"column":0},"end":{"line":11,"column":42}},"11":{"start":{"line":12,"column":0},"end":{"line":12,"column":14}},"12":{"start":{"line":13,"column":0},"end":{"line":13,"column":22}},"13":{"start":{"line":14,"column":0},"end":{"line":14,"column":18}},"14":{"start":{"line":15,"column":0},"end":{"line":15,"column":2}},"15":{"start":{"line":16,"column":0},"end":{"line":16,"column":0}},"16":{"start":{"line":17,"column":0},"end":{"line":17,"column":38}},"17":{"start":{"line":18,"column":0},"end":{"line":18,"column":22}},"18":{"start":{"line":19,"column":0},"end":{"line":19,"column":15}},"19":{"start":{"line":20,"column":0},"end":{"line":20,"column":13}},"20":{"start":{"line":21,"column":0},"end":{"line":21,"column":28}},"21":{"start":{"line":22,"column":0},"end":{"line":22,"column":25}},"22":{"start":{"line":23,"column":0},"end":{"line":23,"column":33}},"23":{"start":{"line":24,"column":0},"end":{"line":24,"column":30}},"24":{"start":{"line":25,"column":0},"end":{"line":25,"column":5}},"25":{"start":{"line":26,"column":0},"end":{"line":26,"column":4}},"26":{"start":{"line":27,"column":0},"end":{"line":27,"column":14}},"27":{"start":{"line":28,"column":0},"end":{"line":28,"column":59}},"28":{"start":{"line":29,"column":0},"end":{"line":29,"column":64}},"29":{"start":{"line":30,"column":0},"end":{"line":30,"column":65}},"30":{"start":{"line":31,"column":0},"end":{"line":31,"column":4}},"31":{"start":{"line":32,"column":0},"end":{"line":32,"column":31}},"32":{"start":{"line":33,"column":0},"end":{"line":33,"column":11}},"33":{"start":{"line":34,"column":0},"end":{"line":34,"column":61}},"34":{"start":{"line":35,"column":0},"end":{"line":35,"column":34}},"35":{"start":{"line":36,"column":0},"end":{"line":36,"column":32}},"36":{"start":{"line":37,"column":0},"end":{"line":37,"column":27}},"37":{"start":{"line":38,"column":0},"end":{"line":38,"column":8}},"38":{"start":{"line":39,"column":0},"end":{"line":39,"column":62}},"39":{"start":{"line":40,"column":0},"end":{"line":40,"column":35}},"40":{"start":{"line":41,"column":0},"end":{"line":41,"column":40}},"41":{"start":{"line":42,"column":0},"end":{"line":42,"column":8}},"42":{"start":{"line":43,"column":0},"end":{"line":43,"column":63}},"43":{"start":{"line":44,"column":0},"end":{"line":44,"column":35}},"44":{"start":{"line":45,"column":0},"end":{"line":45,"column":43}},"45":{"start":{"line":46,"column":0},"end":{"line":46,"column":9}},"46":{"start":{"line":47,"column":0},"end":{"line":47,"column":3}},"47":{"start":{"line":48,"column":0},"end":{"line":48,"column":3}},"48":{"start":{"line":49,"column":0},"end":{"line":49,"column":0}},"49":{"start":{"line":50,"column":0},"end":{"line":50,"column":40}},"50":{"start":{"line":51,"column":0},"end":{"line":51,"column":0}},"51":{"start":{"line":52,"column":0},"end":{"line":52,"column":14}},"52":{"start":{"line":53,"column":0},"end":{"line":53,"column":25}},"53":{"start":{"line":54,"column":0},"end":{"line":54,"column":23}},"54":{"start":{"line":55,"column":0},"end":{"line":55,"column":20}},"55":{"start":{"line":56,"column":0},"end":{"line":56,"column":31}},"56":{"start":{"line":57,"column":0},"end":{"line":57,"column":55}}},"s":{"0":1,"1":1,"2":1,"3":1,"4":1,"5":1,"6":1,"7":1,"8":1,"9":1,"10":1,"11":1,"12":1,"13":1,"14":1,"15":1,"16":1,"17":1,"18":1,"19":1,"20":1,"21":1,"22":1,"23":1,"24":1,"25":1,"26":1,"27":1,"28":1,"29":1,"30":1,"31":1,"32":6,"33":6,"34":3,"35":3,"36":3,"37":6,"38":6,"39":2,"40":2,"41":6,"42":6,"43":2,"44":2,"45":6,"46":6,"47":1,"48":1,"49":1,"50":1,"51":1,"52":1,"53":1,"54":1,"55":1,"56":1},"branchMap":{"0":{"type":"branch","line":21,"loc":{"start":{"line":21,"column":16},"end":{"line":25,"column":5}},"locations":[{"start":{"line":21,"column":16},"end":{"line":25,"column":5}}]},"1":{"type":"branch","line":32,"loc":{"start":{"line":32,"column":17},"end":{"line":47,"column":3}},"locations":[{"start":{"line":32,"column":17},"end":{"line":47,"column":3}}]},"2":{"type":"branch","line":34,"loc":{"start":{"line":34,"column":41},"end":{"line":38,"column":7}},"locations":[{"start":{"line":34,"column":41},"end":{"line":38,"column":7}}]},"3":{"type":"branch","line":39,"loc":{"start":{"line":39,"column":42},"end":{"line":42,"column":7}},"locations":[{"start":{"line":39,"column":42},"end":{"line":42,"column":7}}]},"4":{"type":"branch","line":43,"loc":{"start":{"line":43,"column":43},"end":{"line":46,"column":7}},"locations":[{"start":{"line":43,"column":43},"end":{"line":46,"column":7}}]}},"b":{"0":[1],"1":[6],"2":[3],"3":[2],"4":[2]},"fnMap":{"0":{"name":"clearOrder","decl":{"start":{"line":21,"column":16},"end":{"line":25,"column":5}},"loc":{"start":{"line":21,"column":16},"end":{"line":25,"column":5}},"line":21},"1":{"name":"selectOrderModalData","decl":{"start":{"line":28,"column":26},"end":{"line":28,"column":52}},"loc":{"start":{"line":28,"column":26},"end":{"line":28,"column":52}},"line":28},"2":{"name":"selectOrderRequest","decl":{"start":{"line":29,"column":24},"end":{"line":29,"column":50}},"loc":{"start":{"line":29,"column":24},"end":{"line":29,"column":50}},"line":29},"3":{"name":"selectOrderBurgerError","decl":{"start":{"line":30,"column":28},"end":{"line":30,"column":54}},"loc":{"start":{"line":30,"column":28},"end":{"line":30,"column":54}},"line":30},"4":{"name":"extraReducers","decl":{"start":{"line":32,"column":17},"end":{"line":47,"column":3}},"loc":{"start":{"line":32,"column":17},"end":{"line":47,"column":3}},"line":32}},"f":{"0":1,"1":0,"2":0,"3":0,"4":6}}
,"/home/gfh/practicum/projects/stellar-burger/src/services/slices/ordersListSlice.ts": {"path":"/home/gfh/practicum/projects/stellar-burger/src/services/slices/ordersListSlice.ts","all":false,"statementMap":{"0":{"start":{"line":1,"column":0},"end":{"line":1,"column":64}},"1":{"start":{"line":2,"column":0},"end":{"line":2,"column":38}},"2":{"start":{"line":3,"column":0},"end":{"line":3,"column":60}},"3":{"start":{"line":4,"column":0},"end":{"line":4,"column":0}},"4":{"start":{"line":5,"column":0},"end":{"line":5,"column":28}},"5":{"start":{"line":6,"column":0},"end":{"line":6,"column":23}},"6":{"start":{"line":7,"column":0},"end":{"line":7,"column":19}},"7":{"start":{"line":8,"column":0},"end":{"line":8,"column":24}},"8":{"start":{"line":9,"column":0},"end":{"line":9,"column":29}},"9":{"start":{"line":10,"column":0},"end":{"line":10,"column":25}},"10":{"start":{"line":11,"column":0},"end":{"line":11,"column":38}},"11":{"start":{"line":12,"column":0},"end":{"line":12,"column":37}},"12":{"start":{"line":13,"column":0},"end":{"line":13,"column":1}},"13":{"start":{"line":14,"column":0},"end":{"line":14,"column":0}},"14":{"start":{"line":15,"column":0},"end":{"line":15,"column":47}},"15":{"start":{"line":16,"column":0},"end":{"line":16,"column":14}},"16":{"start":{"line":17,"column":0},"end":{"line":17,"column":20}},"17":{"start":{"line":18,"column":0},"end":{"line":18,"column":13}},"18":{"start":{"line":19,"column":0},"end":{"line":19,"column":22}},"19":{"start":{"line":20,"column":0},"end":{"line":20,"column":23}},"20":{"start":{"line":21,"column":0},"end":{"line":21,"column":19}},"21":{"start":{"line":22,"column":0},"end":{"line":22,"column":19}},"22":{"start":{"line":23,"column":0},"end":{"line":23,"column":2}},"23":{"start":{"line":24,"column":0},"end":{"line":24,"column":0}},"24":{"start":{"line":25,"column":0},"end":{"line":25,"column":37}},"25":{"start":{"line":26,"column":0},"end":{"line":26,"column":17}},"26":{"start":{"line":27,"column":0},"end":{"line":27,"column":15}},"27":{"start":{"line":28,"column":0},"end":{"line":28,"column":15}},"28":{"start":{"line":29,"column":0},"end":{"line":29,"column":14}},"29":{"start":{"line":30,"column":0},"end":{"line":30,"column":56}},"30":{"start":{"line":31,"column":0},"end":{"line":31,"column":54}},"31":{"start":{"line":32,"column":0},"end":{"line":32,"column":64}},"32":{"start":{"line":33,"column":0},"end":{"line":33,"column":66}},"33":{"start":{"line":34,"column":0},"end":{"line":34,"column":68}},"34":{"start":{"line":35,"column":0},"end":{"line":35,"column":70}},"35":{"start":{"line":36,"column":0},"end":{"line":36,"column":64}},"36":{"start":{"line":37,"column":0},"end":{"line":37,"column":4}},"37":{"start":{"line":38,"column":0},"end":{"line":38,"column":31}},"38":{"start":{"line":39,"column":0},"end":{"line":39,"column":11}},"39":{"start":{"line":40,"column":0},"end":{"line":40,"column":51}},"40":{"start":{"line":41,"column":0},"end":{"line":41,"column":35}},"41":{"start":{"line":42,"column":0},"end":{"line":42,"column":33}},"42":{"start":{"line":43,"column":0},"end":{"line":43,"column":8}},"43":{"start":{"line":44,"column":0},"end":{"line":44,"column":60}},"44":{"start":{"line":45,"column":0},"end":{"line":45,"column":36}},"45":{"start":{"line":46,"column":0},"end":{"line":46,"column":41}},"46":{"start":{"line":47,"column":0},"end":{"line":47,"column":26}},"47":{"start":{"line":48,"column":0},"end":{"line":48,"column":8}},"48":{"start":{"line":49,"column":0},"end":{"line":49,"column":61}},"49":{"start":{"line":50,"column":0},"end":{"line":50,"column":36}},"50":{"start":{"line":51,"column":0},"end":{"line":51,"column":38}},"51":{"start":{"line":52,"column":0},"end":{"line":52,"column":9}},"52":{"start":{"line":53,"column":0},"end":{"line":53,"column":11}},"53":{"start":{"line":54,"column":0},"end":{"line":54,"column":51}},"54":{"start":{"line":55,"column":0},"end":{"line":55,"column":34}},"55":{"start":{"line":56,"column":0},"end":{"line":56,"column":32}},"56":{"start":{"line":57,"column":0},"end":{"line":57,"column":8}},"57":{"start":{"line":58,"column":0},"end":{"line":58,"column":60}},"58":{"start":{"line":59,"column":0},"end":{"line":59,"column":35}},"59":{"start":{"line":60,"column":0},"end":{"line":60,"column":40}},"60":{"start":{"line":61,"column":0},"end":{"line":61,"column":27}},"61":{"start":{"line":62,"column":0},"end":{"line":62,"column":8}},"62":{"start":{"line":63,"column":0},"end":{"line":63,"column":61}},"63":{"start":{"line":64,"column":0},"end":{"line":64,"column":35}},"64":{"start":{"line":65,"column":0},"end":{"line":65,"column":21}},"65":{"start":{"line":66,"column":0},"end":{"line":66,"column":77}},"66":{"start":{"line":67,"column":0},"end":{"line":67,"column":60}},"67":{"start":{"line":68,"column":0},"end":{"line":68,"column":9}},"68":{"start":{"line":69,"column":0},"end":{"line":69,"column":3}},"69":{"start":{"line":70,"column":0},"end":{"line":70,"column":3}},"70":{"start":{"line":71,"column":0},"end":{"line":71,"column":0}},"71":{"start":{"line":72,"column":0},"end":{"line":72,"column":39}},"72":{"start":{"line":73,"column":0},"end":{"line":73,"column":0}},"73":{"start":{"line":74,"column":0},"end":{"line":74,"column":14}},"74":{"start":{"line":75,"column":0},"end":{"line":75,"column":19}},"75":{"start":{"line":76,"column":0},"end":{"line":76,"column":18}},"76":{"start":{"line":77,"column":0},"end":{"line":77,"column":25}},"77":{"start":{"line":78,"column":0},"end":{"line":78,"column":26}},"78":{"start":{"line":79,"column":0},"end":{"line":79,"column":23}},"79":{"start":{"line":80,"column":0},"end":{"line":80,"column":30}}},"s":{"0":1,"1":1,"2":1,"3":1,"4":1,"5":1,"6":1,"7":1,"8":1,"9":1,"10":1,"11":1,"12":1,"13":1,"14":1,"15":1,"16":1,"17":1,"18":1,"19":1,"20":1,"21":1,"22":1,"23":1,"24":1,"25":1,"26":1,"27":1,"28":1,"29":1,"30":1,"31":1,"32":1,"33":1,"34":1,"35":1,"36":1,"37":1,"38":6,"39":6,"40":3,"41":3,"42":6,"43":6,"44":2,"45":2,"46":2,"47":6,"48":6,"49":2,"50":2,"51":6,"52":6,"53":6,"54":3,"55":3,"56":6,"57":6,"58":2,"59":2,"60":2,"61":6,"62":6,"63":2,"64":2,"65":2,"66":2,"67":6,"68":6,"69":1,"70":1,"71":1,"72":1,"73":1,"74":1,"75":1,"76":1,"77":1,"78":1,"79":1},"branchMap":{"0":{"type":"branch","line":38,"loc":{"start":{"line":38,"column":17},"end":{"line":69,"column":3}},"locations":[{"start":{"line":38,"column":17},"end":{"line":69,"column":3}}]},"1":{"type":"branch","line":40,"loc":{"start":{"line":40,"column":39},"end":{"line":43,"column":7}},"locations":[{"start":{"line":40,"column":39},"end":{"line":43,"column":7}}]},"2":{"type":"branch","line":44,"loc":{"start":{"line":44,"column":40},"end":{"line":48,"column":7}},"locations":[{"start":{"line":44,"column":40},"end":{"line":48,"column":7}}]},"3":{"type":"branch","line":49,"loc":{"start":{"line":49,"column":41},"end":{"line":52,"column":7}},"locations":[{"start":{"line":49,"column":41},"end":{"line":52,"column":7}}]},"4":{"type":"branch","line":54,"loc":{"start":{"line":54,"column":39},"end":{"line":57,"column":7}},"locations":[{"start":{"line":54,"column":39},"end":{"line":57,"column":7}}]},"5":{"type":"branch","line":58,"loc":{"start":{"line":58,"column":40},"end":{"line":62,"column":7}},"locations":[{"start":{"line":58,"column":40},"end":{"line":62,"column":7}}]},"6":{"type":"branch","line":63,"loc":{"start":{"line":63,"column":41},"end":{"line":68,"column":7}},"locations":[{"start":{"line":63,"column":41},"end":{"line":68,"column":7}}]},"7":{"type":"branch","line":66,"loc":{"start":{"line":66,"column":70},"end":{"line":66,"column":76}},"locations":[{"start":{"line":66,"column":70},"end":{"line":66,"column":76}}]}},"b":{"0":[6],"1":[3],"2":[2],"3":[2],"4":[3],"5":[2],"6":[2],"7":[0]},"fnMap":{"0":{"name":"selectOrdersList","decl":{"start":{"line":30,"column":22},"end":{"line":30,"column":48}},"loc":{"start":{"line":30,"column":22},"end":{"line":30,"column":48}},"line":30},"1":{"name":"selectViewOrder","decl":{"start":{"line":31,"column":21},"end":{"line":31,"column":47}},"loc":{"start":{"line":31,"column":21},"end":{"line":31,"column":47}},"line":31},"2":{"name":"selectViewOrderError","decl":{"start":{"line":32,"column":26},"end":{"line":32,"column":52}},"loc":{"start":{"line":32,"column":26},"end":{"line":32,"column":52}},"line":32},"3":{"name":"selectViewOrderNumber","decl":{"start":{"line":33,"column":27},"end":{"line":33,"column":53}},"loc":{"start":{"line":33,"column":27},"end":{"line":33,"column":53}},"line":33},"4":{"name":"selectViewOrderLoading","decl":{"start":{"line":34,"column":28},"end":{"line":34,"column":54}},"loc":{"start":{"line":34,"column":28},"end":{"line":34,"column":54}},"line":34},"5":{"name":"selectOrdersListLoading","decl":{"start":{"line":35,"column":29},"end":{"line":35,"column":55}},"loc":{"start":{"line":35,"column":29},"end":{"line":35,"column":55}},"line":35},"6":{"name":"selectOrdersListError","decl":{"start":{"line":36,"column":27},"end":{"line":36,"column":53}},"loc":{"start":{"line":36,"column":27},"end":{"line":36,"column":53}},"line":36},"7":{"name":"extraReducers","decl":{"start":{"line":38,"column":17},"end":{"line":69,"column":3}},"loc":{"start":{"line":38,"column":17},"end":{"line":69,"column":3}},"line":38}},"f":{"0":0,"1":0,"2":0,"3":0,"4":0,"5":0,"6":0,"7":6}}
,"/home/gfh/practicum/projects/stellar-burger/src/services/slices/userSlice.ts": {"path":"/home/gfh/practicum/projects/stellar-burger/src/services/slices/userSlice.ts","all":false,"statementMap":{"0":{"start":{"line":1,"column":0},"end":{"line":1,"column":79}},"1":{"start":{"line":2,"column":0},"end":{"line":2,"column":37}},"2":{"start":{"line":3,"column":0},"end":{"line":3,"column":61}},"3":{"start":{"line":4,"column":0},"end":{"line":4,"column":8}},"4":{"start":{"line":5,"column":0},"end":{"line":5,"column":17}},"5":{"start":{"line":6,"column":0},"end":{"line":6,"column":14}},"6":{"start":{"line":7,"column":0},"end":{"line":7,"column":20}},"7":{"start":{"line":8,"column":0},"end":{"line":8,"column":17}},"8":{"start":{"line":9,"column":0},"end":{"line":9,"column":20}},"9":{"start":{"line":10,"column":0},"end":{"line":10,"column":0}},"10":{"start":{"line":11,"column":0},"end":{"line":11,"column":28}},"11":{"start":{"line":12,"column":0},"end":{"line":12,"column":21}},"12":{"start":{"line":13,"column":0},"end":{"line":13,"column":74}},"13":{"start":{"line":14,"column":0},"end":{"line":14,"column":21}},"14":{"start":{"line":15,"column":0},"end":{"line":15,"column":40}},"15":{"start":{"line":16,"column":0},"end":{"line":16,"column":36}},"16":{"start":{"line":17,"column":0},"end":{"line":17,"column":1}},"17":{"start":{"line":18,"column":0},"end":{"line":18,"column":0}},"18":{"start":{"line":19,"column":0},"end":{"line":19,"column":40}},"19":{"start":{"line":20,"column":0},"end":{"line":20,"column":19}},"20":{"start":{"line":21,"column":0},"end":{"line":21,"column":23}},"21":{"start":{"line":22,"column":0},"end":{"line":22,"column":13}},"22":{"start":{"line":23,"column":0},"end":{"line":23,"column":22}},"23":{"start":{"line":24,"column":0},"end":{"line":24,"column":17}},"24":{"start":{"line":25,"column":0},"end":{"line":25,"column":2}},"25":{"start":{"line":26,"column":0},"end":{"line":26,"column":0}},"26":{"start":{"line":27,"column":0},"end":{"line":27,"column":31}},"27":{"start":{"line":28,"column":0},"end":{"line":28,"column":15}},"28":{"start":{"line":29,"column":0},"end":{"line":29,"column":15}},"29":{"start":{"line":30,"column":0},"end":{"line":30,"column":13}},"30":{"start":{"line":31,"column":0},"end":{"line":31,"column":60}},"31":{"start":{"line":32,"column":0},"end":{"line":32,"column":39}},"32":{"start":{"line":33,"column":0},"end":{"line":33,"column":6}},"33":{"start":{"line":34,"column":0},"end":{"line":34,"column":32}},"34":{"start":{"line":35,"column":0},"end":{"line":35,"column":33}},"35":{"start":{"line":36,"column":0},"end":{"line":36,"column":6}},"36":{"start":{"line":37,"column":0},"end":{"line":37,"column":55}},"37":{"start":{"line":38,"column":0},"end":{"line":38,"column":34}},"38":{"start":{"line":39,"column":0},"end":{"line":39,"column":6}},"39":{"start":{"line":40,"column":0},"end":{"line":40,"column":23}},"40":{"start":{"line":41,"column":0},"end":{"line":41,"column":12}},"41":{"start":{"line":42,"column":0},"end":{"line":42,"column":51}},"42":{"start":{"line":43,"column":0},"end":{"line":43,"column":10}},"43":{"start":{"line":44,"column":0},"end":{"line":44,"column":43}},"44":{"start":{"line":45,"column":0},"end":{"line":45,"column":6}},"45":{"start":{"line":46,"column":0},"end":{"line":46,"column":24}},"46":{"start":{"line":47,"column":0},"end":{"line":47,"column":34}},"47":{"start":{"line":48,"column":0},"end":{"line":48,"column":46}},"48":{"start":{"line":49,"column":0},"end":{"line":49,"column":24}},"49":{"start":{"line":50,"column":0},"end":{"line":50,"column":5}},"50":{"start":{"line":51,"column":0},"end":{"line":51,"column":4}},"51":{"start":{"line":52,"column":0},"end":{"line":52,"column":14}},"52":{"start":{"line":53,"column":0},"end":{"line":53,"column":42}},"53":{"start":{"line":54,"column":0},"end":{"line":54,"column":50}},"54":{"start":{"line":55,"column":0},"end":{"line":55,"column":58}},"55":{"start":{"line":56,"column":0},"end":{"line":56,"column":56}},"56":{"start":{"line":57,"column":0},"end":{"line":57,"column":47}},"57":{"start":{"line":58,"column":0},"end":{"line":58,"column":4}},"58":{"start":{"line":59,"column":0},"end":{"line":59,"column":31}},"59":{"start":{"line":60,"column":0},"end":{"line":60,"column":59}},"60":{"start":{"line":61,"column":0},"end":{"line":61,"column":29}},"61":{"start":{"line":62,"column":0},"end":{"line":62,"column":29}},"62":{"start":{"line":63,"column":0},"end":{"line":63,"column":7}},"63":{"start":{"line":64,"column":0},"end":{"line":64,"column":68}},"64":{"start":{"line":65,"column":0},"end":{"line":65,"column":30}},"65":{"start":{"line":66,"column":0},"end":{"line":66,"column":37}},"66":{"start":{"line":67,"column":0},"end":{"line":67,"column":24}},"67":{"start":{"line":68,"column":0},"end":{"line":68,"column":7}},"68":{"start":{"line":69,"column":0},"end":{"line":69,"column":69}},"69":{"start":{"line":70,"column":0},"end":{"line":70,"column":30}},"70":{"start":{"line":71,"column":0},"end":{"line":71,"column":59}},"71":{"start":{"line":72,"column":0},"end":{"line":72,"column":72}},"72":{"start":{"line":73,"column":0},"end":{"line":73,"column":39}},"73":{"start":{"line":74,"column":0},"end":{"line":74,"column":7}},"74":{"start":{"line":75,"column":0},"end":{"line":75,"column":56}},"75":{"start":{"line":76,"column":0},"end":{"line":76,"column":29}},"76":{"start":{"line":77,"column":0},"end":{"line":77,"column":29}},"77":{"start":{"line":78,"column":0},"end":{"line":78,"column":7}},"78":{"start":{"line":79,"column":0},"end":{"line":79,"column":65}},"79":{"start":{"line":80,"column":0},"end":{"line":80,"column":30}},"80":{"start":{"line":81,"column":0},"end":{"line":81,"column":37}},"81":{"start":{"line":82,"column":0},"end":{"line":82,"column":24}},"82":{"start":{"line":83,"column":0},"end":{"line":83,"column":7}},"83":{"start":{"line":84,"column":0},"end":{"line":84,"column":66}},"84":{"start":{"line":85,"column":0},"end":{"line":85,"column":30}},"85":{"start":{"line":86,"column":0},"end":{"line":86,"column":59}},"86":{"start":{"line":87,"column":0},"end":{"line":87,"column":72}},"87":{"start":{"line":88,"column":0},"end":{"line":88,"column":39}},"88":{"start":{"line":89,"column":0},"end":{"line":89,"column":7}},"89":{"start":{"line":90,"column":0},"end":{"line":90,"column":57}},"90":{"start":{"line":91,"column":0},"end":{"line":91,"column":29}},"91":{"start":{"line":92,"column":0},"end":{"line":92,"column":29}},"92":{"start":{"line":93,"column":0},"end":{"line":93,"column":7}},"93":{"start":{"line":94,"column":0},"end":{"line":94,"column":66}},"94":{"start":{"line":95,"column":0},"end":{"line":95,"column":30}},"95":{"start":{"line":96,"column":0},"end":{"line":96,"column":37}},"96":{"start":{"line":97,"column":0},"end":{"line":97,"column":7}},"97":{"start":{"line":98,"column":0},"end":{"line":98,"column":67}},"98":{"start":{"line":99,"column":0},"end":{"line":99,"column":30}},"99":{"start":{"line":100,"column":0},"end":{"line":100,"column":39}},"100":{"start":{"line":101,"column":0},"end":{"line":101,"column":7}},"101":{"start":{"line":102,"column":0},"end":{"line":102,"column":53}},"102":{"start":{"line":103,"column":0},"end":{"line":103,"column":29}},"103":{"start":{"line":104,"column":0},"end":{"line":104,"column":29}},"104":{"start":{"line":105,"column":0},"end":{"line":105,"column":7}},"105":{"start":{"line":106,"column":0},"end":{"line":106,"column":62}},"106":{"start":{"line":107,"column":0},"end":{"line":107,"column":37}},"107":{"start":{"line":108,"column":0},"end":{"line":108,"column":30}},"108":{"start":{"line":109,"column":0},"end":{"line":109,"column":24}},"109":{"start":{"line":110,"column":0},"end":{"line":110,"column":7}},"110":{"start":{"line":111,"column":0},"end":{"line":111,"column":55}},"111":{"start":{"line":112,"column":0},"end":{"line":112,"column":30}},"112":{"start":{"line":113,"column":0},"end":{"line":113,"column":24}},"113":{"start":{"line":114,"column":0},"end":{"line":114,"column":33}},"114":{"start":{"line":115,"column":0},"end":{"line":115,"column":34}},"115":{"start":{"line":116,"column":0},"end":{"line":116,"column":46}},"116":{"start":{"line":117,"column":0},"end":{"line":117,"column":7}},"117":{"start":{"line":118,"column":0},"end":{"line":118,"column":3}},"118":{"start":{"line":119,"column":0},"end":{"line":119,"column":3}},"119":{"start":{"line":120,"column":0},"end":{"line":120,"column":80}},"120":{"start":{"line":121,"column":0},"end":{"line":121,"column":20}},"121":{"start":{"line":122,"column":0},"end":{"line":122,"column":14}},"122":{"start":{"line":123,"column":0},"end":{"line":123,"column":17}},"123":{"start":{"line":124,"column":0},"end":{"line":124,"column":20}},"124":{"start":{"line":125,"column":0},"end":{"line":125,"column":22}},"125":{"start":{"line":126,"column":0},"end":{"line":126,"column":18}},"126":{"start":{"line":127,"column":0},"end":{"line":127,"column":23}},"127":{"start":{"line":128,"column":0},"end":{"line":128,"column":24}},"128":{"start":{"line":129,"column":0},"end":{"line":129,"column":33}}},"s":{"0":1,"1":1,"2":1,"3":1,"4":1,"5":1,"6":1,"7":1,"8":1,"9":1,"10":1,"11":1,"12":1,"13":1,"14":1,"15":1,"16":1,"17":1,"18":1,"19":1,"20":1,"21":1,"22":1,"23":1,"24":1,"25":1,"26":1,"27":1,"28":1,"29":1,"30":1,"31":7,"32":1,"33":1,"34":5,"35":1,"36":1,"37":3,"38":1,"39":1,"40":6,"41":6,"42":6,"43":6,"44":1,"45":1,"46":2,"47":2,"48":2,"49":2,"50":1,"51":1,"52":1,"53":1,"54":1,"55":1,"56":1,"57":1,"58":1,"59":6,"60":3,"61":3,"62":6,"63":6,"64":2,"65":2,"66":2,"67":6,"68":6,"69":2,"70":2,"71":2,"72":2,"73":6,"74":6,"75":3,"76":3,"77":6,"78":6,"79":2,"80":2,"81":2,"82":6,"83":6,"84":2,"85":2,"86":2,"87":2,"88":6,"89":6,"90":3,"91":3,"92":6,"93":6,"94":2,"95":2,"96":6,"97":6,"98":2,"99":2,"100":6,"101":6,"102":3,"103":3,"104":6,"105":6,"106":2,"107":2,"108":2,"109":6,"110":6,"111":2,"112":2,"113":2,"114":2,"115":2,"116":6,"117":6,"118":1,"119":1,"120":1,"121":1,"122":1,"123":1,"124":1,"125":1,"126":1,"127":1,"128":1},"branchMap":{"0":{"type":"branch","line":31,"loc":{"start":{"line":31,"column":16},"end":{"line":33,"column":5}},"locations":[{"start":{"line":31,"column":16},"end":{"line":33,"column":5}}]},"1":{"type":"branch","line":34,"loc":{"start":{"line":34,"column":20},"end":{"line":36,"column":5}},"locations":[{"start":{"line":34,"column":20},"end":{"line":36,"column":5}}]},"2":{"type":"branch","line":37,"loc":{"start":{"line":37,"column":13},"end":{"line":39,"column":5}},"locations":[{"start":{"line":37,"column":13},"end":{"line":39,"column":5}}]},"3":{"type":"branch","line":40,"loc":{"start":{"line":40,"column":22},"end":{"line":45,"column":5}},"locations":[{"start":{"line":40,"column":22},"end":{"line":45,"column":5}}]},"4":{"type":"branch","line":46,"loc":{"start":{"line":46,"column":12},"end":{"line":50,"column":5}},"locations":[{"start":{"line":46,"column":12},"end":{"line":50,"column":5}}]},"5":{"type":"branch","line":59,"loc":{"start":{"line":59,"column":17},"end":{"line":118,"column":3}},"locations":[{"start":{"line":59,"column":17},"end":{"line":118,"column":3}}]},"6":{"type":"branch","line":60,"loc":{"start":{"line":60,"column":47},"end":{"line":63,"column":5}},"locations":[{"start":{"line":60,"column":47},"end":{"line":63,"column":5}}]},"7":{"type":"branch","line":64,"loc":{"start":{"line":64,"column":48},"end":{"line":68,"column":5}},"locations":[{"start":{"line":64,"column":48},"end":{"line":68,"column":5}}]},"8":{"type":"branch","line":69,"loc":{"start":{"line":69,"column":49},"end":{"line":74,"column":5}},"locations":[{"start":{"line":69,"column":49},"end":{"line":74,"column":5}}]},"9":{"type":"branch","line":75,"loc":{"start":{"line":75,"column":44},"end":{"line":78,"column":5}},"locations":[{"start":{"line":75,"column":44},"end":{"line":78,"column":5}}]},"10":{"type":"branch","line":79,"loc":{"start":{"line":79,"column":45},"end":{"line":83,"column":5}},"locations":[{"start":{"line":79,"column":45},"end":{"line":83,"column":5}}]},"11":{"type":"branch","line":84,"loc":{"start":{"line":84,"column":46},"end":{"line":89,"column":5}},"locations":[{"start":{"line":84,"column":46},"end":{"line":89,"column":5}}]},"12":{"type":"branch","line":90,"loc":{"start":{"line":90,"column":45},"end":{"line":93,"column":5}},"locations":[{"start":{"line":90,"column":45},"end":{"line":93,"column":5}}]},"13":{"type":"branch","line":94,"loc":{"start":{"line":94,"column":46},"end":{"line":97,"column":5}},"locations":[{"start":{"line":94,"column":46},"end":{"line":97,"column":5}}]},"14":{"type":"branch","line":98,"loc":{"start":{"line":98,"column":47},"end":{"line":101,"column":5}},"locations":[{"start":{"line":98,"column":47},"end":{"line":101,"column":5}}]},"15":{"type":"branch","line":102,"loc":{"start":{"line":102,"column":41},"end":{"line":105,"column":5}},"locations":[{"start":{"line":102,"column":41},"end":{"line":105,"column":5}}]},"16":{"type":"branch","line":106,"loc":{"start":{"line":106,"column":42},"end":{"line":110,"column":5}},"locations":[{"start":{"line":106,"column":42},"end":{"line":110,"column":5}}]},"17":{"type":"branch","line":111,"loc":{"start":{"line":111,"column":43},"end":{"line":117,"column":5}},"locations":[{"start":{"line":111,"column":43},"end":{"line":117,"column":5}}]}},"b":{"0":[7],"1":[5],"2":[3],"3":[6],"4":[2],"5":[6],"6":[3],"7":[2],"8":[2],"9":[3],"10":[2],"11":[2],"12":[3],"13":[2],"14":[2],"15":[3],"16":[2],"17":[2]},"fnMap":{"0":{"name":"setSending","decl":{"start":{"line":31,"column":16},"end":{"line":33,"column":5}},"loc":{"start":{"line":31,"column":16},"end":{"line":33,"column":5}},"line":31},"1":{"name":"setAuthChecked","decl":{"start":{"line":34,"column":20},"end":{"line":36,"column":5}},"loc":{"start":{"line":34,"column":20},"end":{"line":36,"column":5}},"line":34},"2":{"name":"setUser","decl":{"start":{"line":37,"column":13},"end":{"line":39,"column":5}},"loc":{"start":{"line":37,"column":13},"end":{"line":39,"column":5}},"line":37},"3":{"name":"setUserAuthError","decl":{"start":{"line":40,"column":22},"end":{"line":45,"column":5}},"loc":{"start":{"line":40,"column":22},"end":{"line":45,"column":5}},"line":40},"4":{"name":"logout","decl":{"start":{"line":46,"column":12},"end":{"line":50,"column":5}},"loc":{"start":{"line":46,"column":12},"end":{"line":50,"column":5}},"line":46},"5":{"name":"selectUserData","decl":{"start":{"line":53,"column":20},"end":{"line":53,"column":36}},"loc":{"start":{"line":53,"column":20},"end":{"line":53,"column":36}},"line":53},"6":{"name":"selectUserSending","decl":{"start":{"line":54,"column":23},"end":{"line":54,"column":39}},"loc":{"start":{"line":54,"column":23},"end":{"line":54,"column":39}},"line":54},"7":{"name":"selectUserAuthChecked","decl":{"start":{"line":55,"column":27},"end":{"line":55,"column":43}},"loc":{"start":{"line":55,"column":27},"end":{"line":55,"column":43}},"line":55},"8":{"name":"selectUserAuthError","decl":{"start":{"line":56,"column":25},"end":{"line":56,"column":41}},"loc":{"start":{"line":56,"column":25},"end":{"line":56,"column":41}},"line":56},"9":{"name":"selectFormError","decl":{"start":{"line":57,"column":21},"end":{"line":57,"column":37}},"loc":{"start":{"line":57,"column":21},"end":{"line":57,"column":37}},"line":57},"10":{"name":"extraReducers","decl":{"start":{"line":59,"column":17},"end":{"line":118,"column":3}},"loc":{"start":{"line":59,"column":17},"end":{"line":118,"column":3}},"line":59}},"f":{"0":7,"1":5,"2":3,"3":6,"4":2,"5":0,"6":0,"7":0,"8":0,"9":0,"10":6}}
,"/home/gfh/practicum/projects/stellar-burger/src/utils/burger-api.ts": {"path":"/home/gfh/practicum/projects/stellar-burger/src/utils/burger-api.ts","all":false,"statementMap":{"0":{"start":{"line":1,"column":0},"end":{"line":1,"column":48}},"1":{"start":{"line":2,"column":0},"end":{"line":2,"column":66}},"2":{"start":{"line":3,"column":0},"end":{"line":3,"column":0}},"3":{"start":{"line":4,"column":0},"end":{"line":4,"column":39}},"4":{"start":{"line":5,"column":0},"end":{"line":5,"column":0}},"5":{"start":{"line":6,"column":0},"end":{"line":6,"column":55}},"6":{"start":{"line":7,"column":0},"end":{"line":7,"column":70}},"7":{"start":{"line":8,"column":0},"end":{"line":8,"column":0}},"8":{"start":{"line":9,"column":0},"end":{"line":9,"column":27}},"9":{"start":{"line":10,"column":0},"end":{"line":10,"column":19}},"10":{"start":{"line":11,"column":0},"end":{"line":11,"column":6}},"11":{"start":{"line":12,"column":0},"end":{"line":12,"column":0}},"12":{"start":{"line":13,"column":0},"end":{"line":13,"column":41}},"13":{"start":{"line":14,"column":0},"end":{"line":14,"column":23}},"14":{"start":{"line":15,"column":0},"end":{"line":15,"column":22}},"15":{"start":{"line":16,"column":0},"end":{"line":16,"column":3}},"16":{"start":{"line":17,"column":0},"end":{"line":17,"column":0}},"17":{"start":{"line":18,"column":0},"end":{"line":18,"column":60}},"18":{"start":{"line":19,"column":0},"end":{"line":19,"column":30}},"19":{"start":{"line":20,"column":0},"end":{"line":20,"column":19}},"20":{"start":{"line":21,"column":0},"end":{"line":21,"column":14}},"21":{"start":{"line":22,"column":0},"end":{"line":22,"column":54}},"22":{"start":{"line":23,"column":0},"end":{"line":23,"column":6}},"23":{"start":{"line":24,"column":0},"end":{"line":24,"column":26}},"24":{"start":{"line":25,"column":0},"end":{"line":25,"column":49}},"25":{"start":{"line":26,"column":0},"end":{"line":26,"column":6}},"26":{"start":{"line":27,"column":0},"end":{"line":27,"column":4}},"27":{"start":{"line":28,"column":0},"end":{"line":28,"column":56}},"28":{"start":{"line":29,"column":0},"end":{"line":29,"column":28}},"29":{"start":{"line":30,"column":0},"end":{"line":30,"column":33}},"30":{"start":{"line":31,"column":0},"end":{"line":31,"column":43}},"31":{"start":{"line":32,"column":0},"end":{"line":32,"column":7}},"32":{"start":{"line":33,"column":0},"end":{"line":33,"column":69}},"33":{"start":{"line":34,"column":0},"end":{"line":34,"column":56}},"34":{"start":{"line":35,"column":0},"end":{"line":35,"column":25}},"35":{"start":{"line":36,"column":0},"end":{"line":36,"column":7}},"36":{"start":{"line":37,"column":0},"end":{"line":37,"column":0}},"37":{"start":{"line":38,"column":0},"end":{"line":38,"column":42}},"38":{"start":{"line":39,"column":0},"end":{"line":39,"column":19}},"39":{"start":{"line":40,"column":0},"end":{"line":40,"column":22}},"40":{"start":{"line":41,"column":0},"end":{"line":41,"column":6}},"41":{"start":{"line":42,"column":0},"end":{"line":42,"column":7}},"42":{"start":{"line":43,"column":0},"end":{"line":43,"column":42}},"43":{"start":{"line":44,"column":0},"end":{"line":44,"column":39}},"44":{"start":{"line":45,"column":0},"end":{"line":45,"column":17}},"45":{"start":{"line":46,"column":0},"end":{"line":46,"column":65}},"46":{"start":{"line":47,"column":0},"end":{"line":47,"column":47}},"47":{"start":{"line":48,"column":0},"end":{"line":48,"column":28}},"48":{"start":{"line":49,"column":0},"end":{"line":49,"column":70}},"49":{"start":{"line":50,"column":0},"end":{"line":50,"column":34}},"50":{"start":{"line":51,"column":0},"end":{"line":51,"column":7}},"51":{"start":{"line":52,"column":0},"end":{"line":52,"column":44}},"52":{"start":{"line":53,"column":0},"end":{"line":53,"column":41}},"53":{"start":{"line":54,"column":0},"end":{"line":54,"column":12}},"54":{"start":{"line":55,"column":0},"end":{"line":55,"column":33}},"55":{"start":{"line":56,"column":0},"end":{"line":56,"column":5}},"56":{"start":{"line":57,"column":0},"end":{"line":57,"column":3}},"57":{"start":{"line":58,"column":0},"end":{"line":58,"column":2}},"58":{"start":{"line":59,"column":0},"end":{"line":59,"column":0}},"59":{"start":{"line":60,"column":0},"end":{"line":60,"column":45}},"60":{"start":{"line":61,"column":0},"end":{"line":61,"column":22}},"61":{"start":{"line":62,"column":0},"end":{"line":62,"column":3}},"62":{"start":{"line":63,"column":0},"end":{"line":63,"column":0}},"63":{"start":{"line":64,"column":0},"end":{"line":64,"column":39}},"64":{"start":{"line":65,"column":0},"end":{"line":65,"column":19}},"65":{"start":{"line":66,"column":0},"end":{"line":66,"column":16}},"66":{"start":{"line":67,"column":0},"end":{"line":67,"column":21}},"67":{"start":{"line":68,"column":0},"end":{"line":68,"column":3}},"68":{"start":{"line":69,"column":0},"end":{"line":69,"column":0}},"69":{"start":{"line":70,"column":0},"end":{"line":70,"column":40}},"70":{"start":{"line":71,"column":0},"end":{"line":71,"column":17}},"71":{"start":{"line":72,"column":0},"end":{"line":72,"column":3}},"72":{"start":{"line":73,"column":0},"end":{"line":73,"column":0}},"73":{"start":{"line":74,"column":0},"end":{"line":74,"column":38}},"74":{"start":{"line":75,"column":0},"end":{"line":75,"column":29}},"75":{"start":{"line":76,"column":0},"end":{"line":76,"column":60}},"76":{"start":{"line":77,"column":0},"end":{"line":77,"column":21}},"77":{"start":{"line":78,"column":0},"end":{"line":78,"column":42}},"78":{"start":{"line":79,"column":0},"end":{"line":79,"column":34}},"79":{"start":{"line":80,"column":0},"end":{"line":80,"column":7}},"80":{"start":{"line":81,"column":0},"end":{"line":81,"column":0}},"81":{"start":{"line":82,"column":0},"end":{"line":82,"column":32}},"82":{"start":{"line":83,"column":0},"end":{"line":83,"column":28}},"83":{"start":{"line":84,"column":0},"end":{"line":84,"column":54}},"84":{"start":{"line":85,"column":0},"end":{"line":85,"column":21}},"85":{"start":{"line":86,"column":0},"end":{"line":86,"column":37}},"86":{"start":{"line":87,"column":0},"end":{"line":87,"column":34}},"87":{"start":{"line":88,"column":0},"end":{"lin
[...]
:{"start":{"line":197,"column":0},"end":{"line":197,"column":54}},"197":{"start":{"line":198,"column":0},"end":{"line":198,"column":6}},"198":{"start":{"line":199,"column":0},"end":{"line":199,"column":30}},"199":{"start":{"line":200,"column":0},"end":{"line":200,"column":4}},"200":{"start":{"line":201,"column":0},"end":{"line":201,"column":59}},"201":{"start":{"line":202,"column":0},"end":{"line":202,"column":21}},"202":{"start":{"line":203,"column":0},"end":{"line":203,"column":37}},"203":{"start":{"line":204,"column":0},"end":{"line":204,"column":34}},"204":{"start":{"line":205,"column":0},"end":{"line":205,"column":7}},"205":{"start":{"line":206,"column":0},"end":{"line":206,"column":0}},"206":{"start":{"line":207,"column":0},"end":{"line":207,"column":61}},"207":{"start":{"line":208,"column":0},"end":{"line":208,"column":0}},"208":{"start":{"line":209,"column":0},"end":{"line":209,"column":31}},"209":{"start":{"line":210,"column":0},"end":{"line":210,"column":55}},"210":{"start":{"line":211,"column":0},"end":{"line":211,"column":14}},"211":{"start":{"line":212,"column":0},"end":{"line":212,"column":45}},"212":{"start":{"line":213,"column":0},"end":{"line":213,"column":20}},"213":{"start":{"line":214,"column":0},"end":{"line":214,"column":5}},"214":{"start":{"line":215,"column":0},"end":{"line":215,"column":0}},"215":{"start":{"line":216,"column":0},"end":{"line":216,"column":62}},"216":{"start":{"line":217,"column":0},"end":{"line":217,"column":55}},"217":{"start":{"line":218,"column":0},"end":{"line":218,"column":20}},"218":{"start":{"line":219,"column":0},"end":{"line":219,"column":14}},"219":{"start":{"line":220,"column":0},"end":{"line":220,"column":55}},"220":{"start":{"line":221,"column":0},"end":{"line":221,"column":45}},"221":{"start":{"line":222,"column":0},"end":{"line":222,"column":21}},"222":{"start":{"line":223,"column":0},"end":{"line":223,"column":30}},"223":{"start":{"line":224,"column":0},"end":{"line":224,"column":5}},"224":{"start":{"line":225,"column":0},"end":{"line":225,"column":0}},"225":{"start":{"line":226,"column":0},"end":{"line":226,"column":30}},"226":{"start":{"line":227,"column":0},"end":{"line":227,"column":31}},"227":{"start":{"line":228,"column":0},"end":{"line":228,"column":19}},"228":{"start":{"line":229,"column":0},"end":{"line":229,"column":14}},"229":{"start":{"line":230,"column":0},"end":{"line":230,"column":54}},"230":{"start":{"line":231,"column":0},"end":{"line":231,"column":6}},"231":{"start":{"line":232,"column":0},"end":{"line":232,"column":26}},"232":{"start":{"line":233,"column":0},"end":{"line":233,"column":49}},"233":{"start":{"line":234,"column":0},"end":{"line":234,"column":6}},"234":{"start":{"line":235,"column":0},"end":{"line":235,"column":60}}},"s":{"0":1,"1":1,"2":1,"3":1,"4":1,"5":1,"6":21,"7":1,"8":1,"9":1,"10":1,"11":1,"12":1,"13":1,"14":1,"15":1,"16":1,"17":1,"18":0,"19":0,"20":0,"21":0,"22":0,"23":0,"24":0,"25":0,"26":0,"27":0,"28":0,"29":0,"30":0,"31":0,"32":0,"33":0,"34":0,"35":0,"36":1,"37":1,"38":9,"39":9,"40":9,"41":9,"42":9,"43":9,"44":9,"45":9,"46":0,"47":9,"48":9,"49":9,"50":9,"51":9,"52":9,"53":9,"54":9,"55":9,"56":9,"57":9,"58":1,"59":1,"60":1,"61":1,"62":1,"63":1,"64":1,"65":1,"66":1,"67":1,"68":1,"69":1,"70":1,"71":1,"72":1,"73":1,"74":2,"75":2,"76":2,"77":1,"78":0,"79":2,"80":1,"81":1,"82":2,"83":2,"84":2,"85":1,"86":0,"87":2,"88":1,"89":1,"90":2,"91":2,"92":2,"93":2,"94":2,"95":2,"96":2,"97":1,"98":0,"99":2,"100":1,"101":1,"102":1,"103":1,"104":1,"105":1,"106":1,"107":2,"108":2,"109":2,"110":2,"111":2,"112":2,"113":2,"114":2,"115":2,"116":2,"117":1,"118":0,"119":2,"120":1,"121":1,"122":1,"123":1,"124":1,"125":1,"126":2,"127":2,"128":2,"129":2,"130":2,"131":2,"132":1,"133":1,"134":1,"135":1,"136":1,"137":1,"138":1,"139":1,"140":1,"141":1,"142":1,"143":1,"144":1,"145":1,"146":2,"147":2,"148":2,"149":2,"150":2,"151":2,"152":2,"153":2,"154":2,"155":1,"156":0,"157":2,"158":1,"159":1,"160":1,"161":1,"162":1,"163":1,"164":1,"165":2,"166":2,"167":2,"168":2,"169":2,"170":2,"171":2,"172":2,"173":2,"174":1,"175":0,"176":2,"177":1,"178":1,"179":0,"180":0,"181":0,"182":0,"183":0,"184":0,"185":0,"186":0,"187":0,"188":0,"189":0,"190":0,"191":1,"192":1,"193":0,"194":0,"195":0,"196":0,"197":0,"198":0,"199":0,"200":0,"201":0,"202":0,"203":0,"204":0,"205":1,"206":1,"207":1,"208":1,"209":3,"210":3,"211":3,"212":3,"213":3,"214":1,"215":1,"216":2,"217":2,"218":2,"219":2,"220":2,"221":2,"222":2,"223":2,"224":1,"225":1,"226":2,"227":2,"228":2,"229":2,"230":2,"231":2,"232":2,"233":2,"234":2},"branchMap":{"0":{"type":"branch","line":6,"loc":{"start":{"line":6,"column":22},"end":{"line":7,"column":70}},"locations":[{"start":{"line":6,"column":22},"end":{"line":7,"column":70}}]},"1":{"type":"branch","line":7,"loc":{"start":{"line":7,"column":9},"end":{"line":7,"column":21}},"locations":[{"start":{"line":7,"column":9},"end":{"line":7,"column":21}}]},"2":{"type":"branch","line":7,"loc":{"start":{"line":7,"column":22},"end":{"line":7,"column":69}},"locations":[{"start":{"line":7,"column":22},"end":{"line":7,"column":69}}]},"3":{"type":"branch","line":7,"loc":{"start":{"line":7,"column":40},"end":{"line":7,"column":56}},"locations":[{"start":{"line":7,"column":40},"end":{"line":7,"column":56}}]},"4":{"type":"branch","line":38,"loc":{"start":{"line":38,"column":32},"end":{"line":58,"column":2}},"locations":[{"start":{"line":38,"column":32},"end":{"line":58,"column":2}}]},"5":{"type":"branch","line":41,"loc":{"start":{"line":41,"column":-1},"end":{"line":58,"column":2}},"locations":[{"start":{"line":41,"column":-1},"end":{"line":58,"column":2}}]},"6":{"type":"branch","line":44,"loc":{"start":{"line":44,"column":4},"end":{"line":44,"column":39}},"locations":[{"start":{"line":44,"column":4},"end":{"line":44,"column":39}}]},"7":{"type":"branch","line":46,"loc":{"start":{"line":46,"column":62},"end":{"line":47,"column":47}},"locations":[{"start":{"line":46,"column":62},"end":{"line":47,"column":47}}]},"8":{"type":"branch","line":53,"loc":{"start":{"line":53,"column":6},"end":{"line":53,"column":41}},"locations":[{"start":{"line":53,"column":6},"end":{"line":53,"column":41}}]},"9":{"type":"branch","line":55,"loc":{"start":{"line":55,"column":6},"end":{"line":55,"column":33}},"locations":[{"start":{"line":55,"column":6},"end":{"line":55,"column":33}}]},"10":{"type":"branch","line":74,"loc":{"start":{"line":74,"column":33},"end":{"line":80,"column":7}},"locations":[{"start":{"line":74,"column":33},"end":{"line":80,"column":7}}]},"11":{"type":"branch","line":76,"loc":{"start":{"line":76,"column":10},"end":{"line":76,"column":32}},"locations":[{"start":{"line":76,"column":10},"end":{"line":76,"column":32}}]},"12":{"type":"branch","line":77,"loc":{"start":{"line":77,"column":10},"end":{"line":80,"column":5}},"locations":[{"start":{"line":77,"column":10},"end":{"line":80,"column":5}}]},"13":{"type":"branch","line":78,"loc":{"start":{"line":78,"column":14},"end":{"line":78,"column":16}},"locations":[{"start":{"line":78,"column":14},"end":{"line":78,"column":16}}]},"14":{"type":"branch","line":79,"loc":{"start":{"line":79,"column":-1},"end":{"line":80,"column":5}},"locations":[{"start":{"line":79,"column":-1},"end":{"line":80,"column":5}}]},"15":{"type":"branch","line":82,"loc":{"start":{"line":82,"column":27},"end":{"line":88,"column":7}},"locations":[{"start":{"line":82,"column":27},"end":{"line":88,"column":7}}]},"16":{"type":"branch","line":84,"loc":{"start":{"line":84,"column":10},"end":{"line":84,"column":32}},"locations":[{"start":{"line":84,"column":10},"end":{"line":84,"column":32}}]},"17":{"type":"branch","line":85,"loc":{"start":{"line":85,"column":10},"end":{"line":88,"column":5}},"locations":[{"start":{"line":85,"column":10},"end":{"line":88,"column":5}}]},"18":{"type":"branch","line":86,"loc":{"start":{"line":86,"column":14},"end":{"line":86,"column":16}},"locations":[{"start":{"line":86,"column":14},"end":{"line":86,"column":16}}]},"19":{"type":"branch","line":87,"loc":{"start":{"line":87,"column":-1},"end":{"line":88,"column":5}},"locations":[{"start":{"line":87,"column":-1},"end":{"line":88,"column":5}}]},"20":{"type":"branch","line":90,"loc":{"start":{"line":90,"column":28},"end":{"line":100,"column":5}},"locations":[{"start":{"line":90,"column":28},"end":{"line":100,"column":5}}]},"21":{"type":"branch","line":97,"loc":{"start":{"line":97,"column":10},"end":{"line":100,"column":3}},"locations":[{"start":{"line":97,"column":10},"end":{"line":100,"column":3}}]},"22":{"type":"branch","line":98,"loc":{"start":{"line":98,"column":12},"end":{"line":98,"column":14}},"locations":[{"start":{"line":98,"column":12},"end":{"line":98,"column":14}}]},"23":{"type":"branch","line":99,"loc":{"start":{"line":99,"column":-1},"end":{"line":100,"column":3}},"locations":[{"start":{"line":99,"column":-1},"end":{"line":100,"column":3}}]},"24":{"type":"branch","line":107,"loc":{"start":{"line":107,"column":30},"end":{"line":120,"column":5}},"locations":[{"start":{"line":107,"column":30},"end":{"line":120,"column":5}}]},"25":{"type":"branch","line":117,"loc":{"start":{"line":117,"column":10},"end":{"line":120,"column":3}},"locations":[{"start":{"line":117,"column":10},"end":{"line":120,"column":3}}]},"26":{"type":"branch","line":118,"loc":{"start":{"line":118,"column":12},"end":{"line":118,"column":14}},"locations":[{"start":{"line":118,"column":12},"end":{"line":118,"column":14}}]},"27":{"type":"branch","line":119,"loc":{"start":{"line":119,"column":-1},"end":{"line":120,"column":3}},"locations":[{"start":{"line":119,"column":-1},"end":{"line":120,"column":3}}]},"28":{"type":"branch","line":126,"loc":{"start":{"line":126,"column":35},"end":{"line":132,"column":55}},"locations":[{"start":{"line":126,"column":35},"end":{"line":132,"column":55}}]},"29":{"type":"branch","line":132,"loc":{"start":{"line":132,"column":10},"end":{"line":132,"column":32}},"locations":[{"start":{"line":132,"column":10},"end":{"line":132,"column":32}}]},"30":{"type":"branch","line":146,"loc":{"start":{"line":146,"column":31},"end":{"line":158,"column":7}},"locations":[{"start":{"line":146,"column":31},"end":{"line":158,"column":7}}]},"31":{"type":"branch","line":154,"loc":{"start":{"line":154,"column":10},"end":{"line":154,"column":32}},"locations":[{"start":{"line":154,"column":10},"end":{"line":154,"column":32}}]},"32":{"type":"branch","line":155,"loc":{"start":{"line":155,"column":10},"end":{"line":158,"column":5}},"locations":[{"start":{"line":155,"column":10},"end":{"line":158,"column":5}}]},"33":{"type":"branch","line":156,"loc":{"start":{"line":156,"column":14},"end":{"line":156,"column":16}},"locations":[{"start":{"line":156,"column":14},"end":{"line":156,"column":16}}]},"34":{"type":"branch","line":157,"loc":{"start":{"line":157,"column":-1},"end":{"line":158,"column":5}},"locations":[{"start":{"line":157,"column":-1},"end":{"line":158,"column":5}}]},"35":{"type":"branch","line":165,"loc":{"start":{"line":165,"column":28},"end":{"line":177,"column":7}},"locations":[{"start":{"line":165,"column":28},"end":{"line":177,"column":7}}]},"36":{"type":"branch","line":173,"loc":{"start":{"line":173,"column":10},"end":{"line":173,"column":32}},"locations":[{"start":{"line":173,"column":10},"end":{"line":173,"column":32}}]},"37":{"type":"branch","line":174,"loc":{"start":{"line":174,"column":10},"end":{"line":177,"column":5}},"locations":[{"start":{"line":174,"column":10},"end":{"line":177,"column":5}}]},"38":{"type":"branch","line":175,"loc":{"start":{"line":175,"column":14},"end":{"line":175,"column":16}},"locations":[{"start":{"line":175,"column":14},"end":{"line":175,"column":16}}]},"39":{"type":"branch","line":176,"loc":{"start":{"line":176,"column":-1},"end":{"line":177,"column":5}},"locations":[{"start":{"line":176,"column":-1},"end":{"line":177,"column":5}}]},"40":{"type":"branch","line":209,"loc":{"start":{"line":209,"column":26},"end":{"line":214,"column":5}},"locations":[{"start":{"line":209,"column":26},"end":{"line":214,"column":5}}]},"41":{"type":"branch","line":216,"loc":{"start":{"line":216,"column":29},"end":{"line":224,"column":5}},"locations":[{"start":{"line":216,"column":29},"end":{"line":224,"column":5}}]},"42":{"type":"branch","line":226,"loc":{"start":{"line":226,"column":25},"end":{"line":235,"column":60}},"locations":[{"start":{"line":226,"column":25},"end":{"line":235,"column":60}}]},"43":{"type":"branch","line":235,"loc":{"start":{"line":235,"column":10},"end":{"line":235,"column":32}},"locations":[{"start":{"line":235,"column":10},"end":{"line":235,"column":32}}]}},"b":{"0":[21],"1":[11],"2":[10],"3":[10],"4":[9],"5":[9],"6":[9],"7":[0],"8":[0],"9":[4],"10":[2],"11":[2],"12":[1],"13":[0],"14":[0],"15":[2],"16":[2],"17":[1],"18":[0],"19":[0],"20":[2],"21":[1],"22":[0],"23":[0],"24":[2],"25":[1],"26":[0],"27":[0],"28":[2],"29":[2],"30":[2],"31":[2],"32":[1],"33":[0],"34":[0],"35":[2],"36":[2],"37":[1],"38":[0],"39":[0],"40":[3],"41":[2],"42":[2],"43":[2]},"fnMap":{"0":{"name":"checkResponse","decl":{"start":{"line":6,"column":22},"end":{"line":7,"column":70}},"loc":{"start":{"line":6,"column":22},"end":{"line":7,"column":70}},"line":6},"1":{"name":"refreshToken","decl":{"start":{"line":18,"column":28},"end":{"line":36,"column":7}},"loc":{"start":{"line":18,"column":28},"end":{"line":36,"column":7}},"line":18},"2":{"name":"fetchWithRefresh","decl":{"start":{"line":38,"column":32},"end":{"line":58,"column":2}},"loc":{"start":{"line":38,"column":32},"end":{"line":58,"column":2}},"line":38},"3":{"name":"getIngredientsApi","decl":{"start":{"line":74,"column":33},"end":{"line":80,"column":7}},"loc":{"start":{"line":74,"column":33},"end":{"line":80,"column":7}},"line":74},"4":{"name":"getFeedsApi","decl":{"start":{"line":82,"column":27},"end":{"line":88,"column":7}},"loc":{"start":{"line":82,"column":27},"end":{"line":88,"column":7}},"line":82},"5":{"name":"getOrdersApi","decl":{"start":{"line":90,"column":28},"end":{"line":100,"column":5}},"loc":{"start":{"line":90,"column":28},"end":{"line":100,"column":5}},"line":90},"6":{"name":"orderBurgerApi","decl":{"start":{"line":107,"column":30},"end":{"line":120,"column":5}},"loc":{"start":{"line":107,"column":30},"end":{"line":120,"column":5}},"line":107},"7":{"name":"getOrderByNumberApi","decl":{"start":{"line":126,"column":35},"end":{"line":132,"column":55}},"loc":{"start":{"line":126,"column":35},"end":{"line":132,"column":55}},"line":126},"8":{"name":"registerUserApi","decl":{"start":{"line":146,"column":31},"end":{"line":158,"column":7}},"loc":{"start":{"line":146,"column":31},"end":{"line":158,"column":7}},"line":146},"9":{"name":"loginUserApi","decl":{"start":{"line":165,"column":28},"end":{"line":177,"column":7}},"loc":{"start":{"line":165,"column":28},"end":{"line":177,"column":7}},"line":165},"10":{"name":"forgotPasswordApi","decl":{"start":{"line":179,"column":33},"end":{"line":191,"column":7}},"loc":{"start":{"line":179,"column":33},"end":{"line":191,"column":7}},"line":179},"11":{"name":"resetPasswordApi","decl":{"start":{"line":193,"column":32},"end":{"line":205,"column":7}},"loc":{"start":{"line":193,"column":32},"end":{"line":205,"column":7}},"line":193},"12":{"name":"getUserApi","decl":{"start":{"line":209,"column":26},"end":{"line":214,"column":5}},"loc":{"start":{"line":209,"column":26},"end":{"line":214,"column":5}},"line":209},"13":{"name":"updateUserApi","decl":{"start":{"line":216,"column":29},"end":{"line":224,"column":5}},"loc":{"start":{"line":216,"column":29},"end":{"line":224,"column":5}},"line":216},"14":{"name":"logoutApi","decl":{"start":{"line":226,"column":25},"end":{"line":235,"column":60}},"loc":{"start":{"line":226,"column":25},"end":{"line":235,"column":60}},"line":226}},"f":{"0":21,"1":0,"2":9,"3":2,"4":2,"5":2,"6":2,"7":2,"8":2,"9":2,"10":0,"11":0,"12":3,"13":2,"14":2}}
,"/home/gfh/practicum/projects/stellar-burger/src/utils/cookie.ts": {"path":"/home/gfh/practicum/projects/stellar-burger/src/utils/cookie.ts","all":false,"statementMap":{"0":{"start":{"line":1,"column":0},"end":{"line":1,"column":61}},"1":{"start":{"line":2,"column":0},"end":{"line":2,"column":40}},"2":{"start":{"line":3,"column":0},"end":{"line":3,"column":15}},"3":{"start":{"line":4,"column":0},"end":{"line":4,"column":18}},"4":{"start":{"line":5,"column":0},"end":{"line":5,"column":53}},"5":{"start":{"line":6,"column":0},"end":{"line":6,"column":62}},"6":{"start":{"line":7,"column":0},"end":{"line":7,"column":18}},"7":{"start":{"line":8,"column":0},"end":{"line":8,"column":5}},"8":{"start":{"line":9,"column":0},"end":{"line":9,"column":4}},"9":{"start":{"line":10,"column":0},"end":{"line":10,"column":62}},"10":{"start":{"line":11,"column":0},"end":{"line":11,"column":1}},"11":{"start":{"line":12,"column":0},"end":{"line":12,"column":0}},"12":{"start":{"line":13,"column":0},"end":{"line":13,"column":26}},"13":{"start":{"line":14,"column":0},"end":{"line":14,"column":15}},"14":{"start":{"line":15,"column":0},"end":{"line":15,"column":16}},"15":{"start":{"line":16,"column":0},"end":{"line":16,"column":65}},"16":{"start":{"line":17,"column":0},"end":{"line":17,"column":3}},"17":{"start":{"line":18,"column":0},"end":{"line":18,"column":11}},"18":{"start":{"line":19,"column":0},"end":{"line":19,"column":14}},"19":{"start":{"line":20,"column":0},"end":{"line":20,"column":12}},"20":{"start":{"line":21,"column":0},"end":{"line":21,"column":4}},"21":{"start":{"line":22,"column":0},"end":{"line":22,"column":0}},"22":{"start":{"line":23,"column":0},"end":{"line":23,"column":26}},"23":{"start":{"line":24,"column":0},"end":{"line":24,"column":39}},"24":{"start":{"line":25,"column":0},"end":{"line":25,"column":25}},"25":{"start":{"line":26,"column":0},"end":{"line":26,"column":40}},"26":{"start":{"line":27,"column":0},"end":{"line":27,"column":28}},"27":{"start":{"line":28,"column":0},"end":{"line":28,"column":3}},"28":{"start":{"line":29,"column":0},"end":{"line":29,"column":0}},"29":{"start":{"line":30,"column":0},"end":{"line":30,"column":35}},"30":{"start":{"line":31,"column":0},"end":{"line":31,"column":38}},"31":{"start":{"line":32,"column":0},"end":{"line":32,"column":3}},"32":{"start":{"line":33,"column":0},"end":{"line":33,"column":36}},"33":{"start":{"line":34,"column":0},"end":{"line":34,"column":41}},"34":{"start":{"line":35,"column":0},"end":{"line":35,"column":33}},"35":{"start":{"line":36,"column":0},"end":{"line":36,"column":37}},"36":{"start":{"line":37,"column":0},"end":{"line":37,"column":38}},"37":{"start":{"line":38,"column":0},"end":{"line":38,"column":29}},"38":{"start":{"line":39,"column":0},"end":{"line":39,"column":39}},"39":{"start":{"line":40,"column":0},"end":{"line":40,"column":5}},"40":{"start":{"line":41,"column":0},"end":{"line":41,"column":3}},"41":{"start":{"line":42,"column":0},"end":{"line":42,"column":34}},"42":{"start":{"line":43,"column":0},"end":{"line":43,"column":1}},"43":{"start":{"line":44,"column":0},"end":{"line":44,"column":0}},"44":{"start":{"line":45,"column":0},"end":{"line":45,"column":44}},"45":{"start":{"line":46,"column":0},"end":{"line":46,"column":39}},"46":{"start":{"line":47,"column":0},"end":{"line":47,"column":1}}},"s":{"0":0,"1":0,"2":0,"3":0,"4":0,"5":0,"6":0,"7":0,"8":0,"9":0,"10":0,"11":1,"12":0,"13":0,"14":0,"15":0,"16":0,"17":0,"18":0,"19":0,"20":0,"21":0,"22":0,"23":0,"24":0,"25":0,"26":0,"27":0,"28":0,"29":0,"30":0,"31":0,"32":0,"33":0,"34":0,"35":0,"36":0,"37":0,"38":0,"39":0,"40":0,"41":0,"42":0,"43":1,"44":0,"45":0,"46":0},"branchMap":{},"b":{},"fnMap":{"0":{"name":"getCookie","decl":{"start":{"line":1,"column":0},"end":{"line":11,"column":1}},"loc":{"start":{"line":1,"column":0},"end":{"line":11,"column":1}},"line":1},"1":{"name":"setCookie","decl":{"start":{"line":13,"column":0},"end":{"line":43,"column":1}},"loc":{"start":{"line":13,"column":0},"end":{"line":43,"column":1}},"line":13},"2":{"name":"deleteCookie","decl":{"start":{"line":45,"column":0},"end":{"line":47,"column":1}},"loc":{"start":{"line":45,"column":0},"end":{"line":47,"column":1}},"line":45}},"f":{"0":0,"1":0,"2":0}}
}
