TN:
SF:src/services/actions.ts
FNF:0
FNH:0
DA:1,1
DA:2,1
DA:3,1
DA:4,1
DA:5,1
DA:6,1
DA:7,1
DA:8,1
DA:9,1
DA:10,1
DA:11,1
DA:12,1
DA:13,1
DA:14,1
DA:15,1
DA:16,1
DA:17,1
DA:18,1
DA:19,1
DA:20,1
DA:21,1
DA:22,1
DA:23,1
DA:24,1
DA:25,1
DA:26,1
DA:27,1
DA:28,1
DA:29,4
DA:30,3
DA:31,3
DA:32,3
DA:33,3
DA:34,2
DA:35,3
DA:36,3
DA:37,1
DA:38,1
DA:39,3
DA:40,3
DA:41,3
DA:42,3
DA:43,3
DA:44,4
DA:45,4
DA:46,4
DA:47,4
DA:48,4
DA:49,1
DA:50,1
DA:51,1
DA:52,1
DA:53,1
DA:54,2
DA:55,1
DA:56,1
DA:57,1
DA:58,1
DA:59,1
DA:60,2
DA:61,1
DA:62,1
DA:63,1
DA:64,1
DA:65,1
DA:66,1
DA:67,1
DA:68,1
DA:69,1
DA:70,1
DA:71,1
DA:72,1
DA:73,1
DA:74,2
DA:75,2
DA:76,1
DA:77,1
DA:78,1
DA:79,2
DA:80,2
DA:81,1
DA:82,1
DA:83,1
DA:84,1
DA:85,1
DA:86,2
DA:87,2
DA:88,2
DA:89,2
DA:90,2
DA:91,2
DA:92,2
DA:93,1
DA:94,1
DA:95,1
DA:96,1
DA:97,1
DA:98,1
DA:99,1
DA:100,1
DA:101,1
DA:102,1
DA:103,1
LF:103
LH:103
BRDA:28,0,0,4
BRDA:29,1,0,3
BRDA:33,2,0,2
BRDA:36,3,0,1
BRDA:40,4,0,3
BRDA:53,5,0,2
BRDA:54,6,0,2
BRDA:54,7,0,2
BRDA:59,8,0,2
BRDA:60,9,0,2
BRDA:60,10,0,2
BRDA:65,11,0,2
BRDA:65,12,0,2
BRDA:65,13,0,4
BRDA:65,14,0,2
BRDA:65,15,0,2
BRDA:70,16,0,2
BRDA:70,17,0,2
BRDA:70,18,0,4
BRDA:70,19,0,2
BRDA:70,20,0,2
BRDA:73,21,0,2
BRDA:73,22,0,2
BRDA:74,23,0,2
BRDA:78,24,0,2
BRDA:78,25,0,2
BRDA:79,26,0,2
BRDA:85,27,0,2
BRDA:85,28,0,2
BRDA:89,29,0,0
BRDA:87,30,0,6
BRDA:97,31,0,2
BRDA:97,32,0,2
BRDA:97,33,0,4
BRDA:97,34,0,2
BRDA:97,35,0,2
BRDA:102,36,0,2
BRDA:102,37,0,2
BRDA:102,38,0,4
BRDA:102,39,0,2
BRDA:102,40,0,2
BRF:41
BRH:40
end_of_record
TN:
SF:src/services/store.ts
FN:33,useDispatch
FNF:1
FNH:0
FNDA:0,useDispatch
DA:1,1
DA:2,1
DA:3,1
DA:4,1
DA:5,1
DA:6,1
DA:7,1
DA:8,1
DA:9,1
DA:10,1
DA:11,1
DA:12,1
DA:13,1
DA:14,1
DA:15,1
DA:16,1
DA:17,1
DA:18,1
DA:19,1
DA:20,1
DA:21,1
DA:22,1
DA:23,1
DA:24,1
DA:25,1
DA:26,1
DA:27,1
DA:28,1
DA:29,1
DA:30,1
DA:31,1
DA:32,1
DA:33,1
DA:34,1
DA:35,1
DA:36,1
LF:36
LH:36
BRF:0
BRH:0
end_of_record
TN:
SF:src/services/slices/burgerConstructorSlice.ts
FN:20,clearBurger
FN:25,reducer
FN:35,prepare
FN:39,removeIngredient
FN:50,moveIngredient
FN:78,selectBurger
FNF:6
FNH:5
FNDA:1,clearBurger
FNDA:2,reducer
FNDA:2,prepare
FNDA:3,removeIngredient
FNDA:4,moveIngredient
FNDA:0,selectBurger
DA:1,1
DA:2,1
DA:3,1
DA:4,1
DA:5,1
DA:6,1
DA:7,1
DA:8,1
DA:9,1
DA:10,1
DA:11,1
DA:12,1
DA:13,1
DA:14,1
DA:15,1
DA:16,1
DA:17,1
DA:18,1
DA:19,1
DA:20,1
DA:21,1
DA:22,1
DA:23,1
DA:24,1
DA:25,1
DA:26,2
DA:27,2
DA:28,2
DA:29,2
DA:30,1
DA:31,1
DA:32,1
DA:33,1
DA:34,1
DA:35,1
DA:36,1
DA:37,1
DA:38,1
DA:39,1
DA:40,3
DA:41,3
DA:42,3
DA:43,3
DA:44,6
DA:45,3
DA:46,3
DA:47,3
DA:48,3
DA:49,1
DA:50,1
DA:51,4
DA:52,4
DA:53,4
DA:54,4
DA:55,4
DA:56,4
DA:57,4
DA:58,4
DA:59,4
DA:60,4
DA:61,4
DA:62,4
DA:63,4
DA:64,4
DA:65,1
DA:66,4
DA:67,1
DA:68,1
DA:69,4
DA:70,2
DA:71,2
DA:72,2
DA:73,2
DA:74,4
DA:75,4
DA:76,1
DA:77,1
DA:78,1
DA:79,1
DA:80,1
DA:81,1
DA:82,1
DA:83,1
DA:84,1
DA:85,1
LF:85
LH:85
BRDA:20,0,0,1
BRDA:25,1,0,2
BRDA:29,2,0,1
BRDA:35,3,0,2
BRDA:36,4,0,1
BRDA:36,5,0,1
BRDA:39,6,0,3
BRDA:43,7,0,6
BRDA:44,8,0,3
BRDA:50,9,0,4
BRDA:64,10,0,1
BRDA:66,11,0,3
BRDA:66,12,0,1
BRDA:69,13,0,2
BRDA:58,14,0,12
BRDA:59,15,0,4
BRDA:59,16,0,8
BRF:17
BRH:17
end_of_record
TN:
SF:src/services/slices/feedsSlice.ts
FN:28,selectFeedsOrders
FN:29,selectFeedsLoading
FN:30,selectFeedsInit
FN:31,selectFeedsTotal
FN:32,selectFeedsTotalToday
FN:33,selectFeedsError
FN:35,extraReducers
FNF:7
FNH:1
FNDA:0,selectFeedsOrders
FNDA:0,selectFeedsLoading
FNDA:0,selectFeedsInit
FNDA:0,selectFeedsTotal
FNDA:0,selectFeedsTotalToday
FNDA:0,selectFeedsError
FNDA:6,extraReducers
DA:1,1
DA:2,1
DA:3,1
DA:4,1
DA:5,1
DA:6,1
DA:7,1
DA:8,1
DA:9,1
DA:10,1
DA:11,1
DA:12,1
DA:13,1
DA:14,1
DA:15,1
DA:16,1
DA:17,1
DA:18,1
DA:19,1
DA:20,1
DA:21,1
DA:22,1
DA:23,1
DA:24,1
DA:25,1
DA:26,1
DA:27,1
DA:28,1
DA:29,1
DA:30,1
DA:31,1
DA:32,1
DA:33,1
DA:34,1
DA:35,1
DA:36,6
DA:37,6
DA:38,3
DA:39,3
DA:40,3
DA:41,3
DA:42,3
DA:43,6
DA:44,6
DA:45,2
DA:46,2
DA:47,2
DA:48,6
DA:49,6
DA:50,2
DA:51,2
DA:52,2
DA:53,2
DA:54,2
DA:55,6
DA:56,6
DA:57,1
DA:58,1
DA:59,1
DA:60,1
DA:61,1
DA:62,1
DA:63,1
DA:64,1
DA:65,1
DA:66,1
DA:67,1
DA:68,1
LF:68
LH:68
BRDA:35,0,0,6
BRDA:37,1,0,3
BRDA:44,2,0,2
BRDA:49,3,0,2
BRF:4
BRH:4
end_of_record
TN:
SF:src/services/slices/ingredientsSlice.ts
FN:24,selectIngredients
FN:25,selectIngredientsLoading
FN:26,selectIngredientsInit
FN:27,selectIngredientsError
FN:29,extraReducers
FNF:5
FNH:1
FNDA:0,selectIngredients
FNDA:0,selectIngredientsLoading
FNDA:0,selectIngredientsInit
FNDA:0,selectIngredientsError
FNDA:6,extraReducers
DA:1,1
DA:2,1
DA:3,1
DA:4,1
DA:5,1
DA:6,1
DA:7,1
DA:8,1
DA:9,1
DA:10,1
DA:11,1
DA:12,1
DA:13,1
DA:14,1
DA:15,1
DA:16,1
DA:17,1
DA:18,1
DA:19,1
DA:20,1
DA:21,1
DA:22,1
DA:23,1
DA:24,1
DA:25,1
DA:26,1
DA:27,1
DA:28,1
DA:29,1
DA:30,6
DA:31,6
DA:32,3
DA:33,3
DA:34,3
DA:35,6
DA:36,6
DA:37,2
DA:38,2
DA:39,2
DA:40,6
DA:41,6
DA:42,2
DA:43,2
DA:44,2
DA:45,6
DA:46,6
DA:47,1
DA:48,1
DA:49,1
DA:50,1
DA:51,1
DA:52,1
DA:53,1
DA:54,1
DA:55,1
LF:55
LH:55
BRDA:29,0,0,6
BRDA:31,1,0,3
BRDA:36,2,0,2
BRDA:41,3,0,2
BRF:4
BRH:4
end_of_record
TN:
SF:src/services/slices/orderBurgerSlice.ts
FN:21,clearOrder
FN:28,selectOrderModalData
FN:29,selectOrderRequest
FN:30,selectOrderBurgerError
FN:32,extraReducers
FNF:5
FNH:2
FNDA:1,clearOrder
FNDA:0,selectOrderModalData
FNDA:0,selectOrderRequest
FNDA:0,selectOrderBurgerError
FNDA:6,extraReducers
DA:1,1
DA:2,1
DA:3,1
DA:4,1
DA:5,1
DA:6,1
DA:7,1
DA:8,1
DA:9,1
DA:10,1
DA:11,1
DA:12,1
DA:13,1
DA:14,1
DA:15,1
DA:16,1
DA:17,1
DA:18,1
DA:19,1
DA:20,1
DA:21,1
DA:22,1
DA:23,1
DA:24,1
DA:25,1
DA:26,1
DA:27,1
DA:28,1
DA:29,1
DA:30,1
DA:31,1
DA:32,1
DA:33,6
DA:34,6
DA:35,3
DA:36,3
DA:37,3
DA:38,6
DA:39,6
DA:40,2
DA:41,2
DA:42,6
DA:43,6
DA:44,2
DA:45,2
DA:46,6
DA:47,6
DA:48,1
DA:49,1
DA:50,1
DA:51,1
DA:52,1
DA:53,1
DA:54,1
DA:55,1
DA:56,1
DA:57,1
LF:57
LH:57
BRDA:21,0,0,1
BRDA:32,1,0,6
BRDA:34,2,0,3
BRDA:39,3,0,2
BRDA:43,4,0,2
BRF:5
BRH:5
end_of_record
TN:
SF:src/services/slices/ordersListSlice.ts
FN:30,selectOrdersList
FN:31,selectViewOrder
FN:32,selectViewOrderError
FN:33,selectViewOrderNumber
FN:34,selectViewOrderLoading
FN:35,selectOrdersListLoading
FN:36,selectOrdersListError
FN:38,extraReducers
FNF:8
FNH:1
FNDA:0,selectOrdersList
FNDA:0,selectViewOrder
FNDA:0,selectViewOrderError
FNDA:0,selectViewOrderNumber
FNDA:0,selectViewOrderLoading
FNDA:0,selectOrdersListLoading
FNDA:0,selectOrdersListError
FNDA:6,extraReducers
DA:1,1
DA:2,1
DA:3,1
DA:4,1
DA:5,1
DA:6,1
DA:7,1
DA:8,1
DA:9,1
DA:10,1
DA:11,1
DA:12,1
DA:13,1
DA:14,1
DA:15,1
DA:16,1
DA:17,1
DA:18,1
DA:19,1
DA:20,1
DA:21,1
DA:22,1
DA:23,1
DA:24,1
DA:25,1
DA:26,1
DA:27,1
DA:28,1
DA:29,1
DA:30,1
DA:31,1
DA:32,1
DA:33,1
DA:34,1
DA:35,1
DA:36,1
DA:37,1
DA:38,1
DA:39,6
DA:40,6
DA:41,3
DA:42,3
DA:43,6
DA:44,6
DA:45,2
DA:46,2
DA:47,2
DA:48,6
DA:49,6
DA:50,2
DA:51,2
DA:52,6
DA:53,6
DA:54,6
DA:55,3
DA:56,3
DA:57,6
DA:58,6
DA:59,2
DA:60,2
DA:61,2
DA:62,6
DA:63,6
DA:64,2
DA:65,2
DA:66,2
DA:67,2
DA:68,6
DA:69,6
DA:70,1
DA:71,1
DA:72,1
DA:73,1
DA:74,1
DA:75,1
DA:76,1
DA:77,1
DA:78,1
DA:79,1
DA:80,1
LF:80
LH:80
BRDA:38,0,0,6
BRDA:40,1,0,3
BRDA:44,2,0,2
BRDA:49,3,0,2
BRDA:54,4,0,3
BRDA:58,5,0,2
BRDA:63,6,0,2
BRDA:66,7,0,0
BRF:8
BRH:7
end_of_record
TN:
SF:src/services/slices/userSlice.ts
FN:31,setSending
FN:34,setAuthChecked
FN:37,setUser
FN:40,setUserAuthError
FN:46,logout
FN:53,selectUserData
FN:54,selectUserSending
FN:55,selectUserAuthChecked
FN:56,selectUserAuthError
FN:57,selectFormError
FN:59,extraReducers
FNF:11
FNH:6
FNDA:7,setSending
FNDA:5,setAuthChecked
FNDA:3,setUser
FNDA:6,setUserAuthError
FNDA:2,logout
FNDA:0,selectUserData
FNDA:0,selectUserSending
FNDA:0,selectUserAuthChecked
FNDA:0,selectUserAuthError
FNDA:0,selectFormError
FNDA:6,extraReducers
DA:1,1
DA:2,1
DA:3,1
DA:4,1
DA:5,1
DA:6,1
DA:7,1
DA:8,1
DA:9,1
DA:10,1
DA:11,1
DA:12,1
DA:13,1
DA:14,1
DA:15,1
DA:16,1
DA:17,1
DA:18,1
DA:19,1
DA:20,1
DA:21,1
DA:22,1
DA:23,1
DA:24,1
DA:25,1
DA:26,1
DA:27,1
DA:28,1
DA:29,1
DA:30,1
DA:31,1
DA:32,7
DA:33,1
DA:34,1
DA:35,5
DA:36,1
DA:37,1
DA:38,3
DA:39,1
DA:40,1
DA:41,6
DA:42,6
DA:43,6
DA:44,6
DA:45,1
DA:46,1
DA:47,2
DA:48,2
DA:49,2
DA:50,2
DA:51,1
DA:52,1
DA:53,1
DA:54,1
DA:55,1
DA:56,1
DA:57,1
DA:58,1
DA:59,1
DA:60,6
DA:61,3
DA:62,3
DA:63,6
DA:64,6
DA:65,2
DA:66,2
DA:67,2
DA:68,6
DA:69,6
DA:70,2
DA:71,2
DA:72,2
DA:73,2
DA:74,6
DA:75,6
DA:76,3
DA:77,3
DA:78,6
DA:79,6
DA:80,2
DA:81,2
DA:82,2
DA:83,6
DA:84,6
DA:85,2
DA:86,2
DA:87,2
DA:88,2
DA:89,6
DA:90,6
DA:91,3
DA:92,3
DA:93,6
DA:94,6
DA:95,2
DA:96,2
DA:97,6
DA:98,6
DA:99,2
DA:100,2
DA:101,6
DA:102,6
DA:103,3
DA:104,3
DA:105,6
DA:106,6
DA:107,2
DA:108,2
DA:109,2
DA:110,6
DA:111,6
DA:112,2
DA:113,2
DA:114,2
DA:115,2
DA:116,2
DA:117,6
DA:118,6
DA:119,1
DA:120,1
DA:121,1
DA:122,1
DA:123,1
DA:124,1
DA:125,1
DA:126,1
DA:127,1
DA:128,1
DA:129,1
LF:129
LH:129
BRDA:31,0,0,7
BRDA:34,1,0,5
BRDA:37,2,0,3
BRDA:40,3,0,6
BRDA:46,4,0,2
BRDA:59,5,0,6
BRDA:60,6,0,3
BRDA:64,7,0,2
BRDA:69,8,0,2
BRDA:75,9,0,3
BRDA:79,10,0,2
BRDA:84,11,0,2
BRDA:90,12,0,3
BRDA:94,13,0,2
BRDA:98,14,0,2
BRDA:102,15,0,3
BRDA:106,16,0,2
BRDA:111,17,0,2
BRF:18
BRH:18
end_of_record
TN:
SF:src/utils/burger-api.ts
FN:6,checkResponse
FN:18,refreshToken
FN:38,fetchWithRefresh
FN:74,getIngredientsApi
FN:82,getFeedsApi
FN:90,getOrdersApi
FN:107,orderBurgerApi
FN:126,getOrderByNumberApi
FN:146,registerUserApi
FN:165,loginUserApi
FN:179,forgotPasswordApi
FN:193,resetPasswordApi
FN:209,getUserApi
FN:216,updateUserApi
FN:226,logoutApi
FNF:15
FNH:12
FNDA:21,checkResponse
FNDA:0,refreshToken
FNDA:9,fetchWithRefresh
FNDA:2,getIngredientsApi
FNDA:2,getFeedsApi
FNDA:2,getOrdersApi
FNDA:2,orderBurgerApi
FNDA:2,getOrderByNumberApi
FNDA:2,registerUserApi
FNDA:2,loginUserApi
FNDA:0,forgotPasswordApi
FNDA:0,resetPasswordApi
FNDA:3,getUserApi
FNDA:2,updateUserApi
FNDA:2,logoutApi
DA:1,1
DA:2,1
DA:3,1
DA:4,1
DA:5,1
DA:6,1
DA:7,21
DA:8,1
DA:9,1
DA:10,1
DA:11,1
DA:12,1
DA:13,1
DA:14,1
DA:15,1
DA:16,1
DA:17,1
DA:18,1
DA:19,0
DA:20,0
DA:21,0
DA:22,0
DA:23,0
DA:24,0
DA:25,0
DA:26,0
DA:27,0
DA:28,0
DA:29,0
DA:30,0
DA:31,0
DA:32,0
DA:33,0
DA:34,0
DA:35,0
DA:36,0
DA:37,1
DA:38,1
DA:39,9
DA:40,9
DA:41,9
DA:42,9
DA:43,9
DA:44,9
DA:45,9
DA:46,9
DA:47,0
DA:48,9
DA:49,9
DA:50,9
DA:51,9
DA:52,9
DA:53,9
DA:54,9
DA:55,9
DA:56,9
DA:57,9
DA:58,9
DA:59,1
DA:60,1
DA:61,1
DA:62,1
DA:63,1
DA:64,1
DA:65,1
DA:66,1
DA:67,1
DA:68,1
DA:69,1
DA:70,1
DA:71,1
DA:72,1
DA:73,1
DA:74,1
DA:75,2
DA:76,2
DA:77,2
DA:78,1
DA:79,0
DA:80,2
DA:81,1
DA:82,1
DA:83,2
DA:84,2
DA:85,2
DA:86,1
DA:87,0
DA:88,2
DA:89,1
DA:90,1
DA:91,2
DA:92,2
DA:93,2
DA:94,2
DA:95,2
DA:96,2
DA:97,2
DA:98,1
DA:99,0
DA:100,2
DA:101,1
DA:102,1
DA:103,1
DA:104,1
DA:105,1
DA:106,1
DA:107,1
DA:108,2
DA:109,2
DA:110,2
DA:111,2
DA:112,2
DA:113,2
DA:114,2
DA:115,2
DA:116,2
DA:117,2
DA:118,1
DA:119,0
DA:120,2
DA:121,1
DA:122,1
DA:123,1
DA:124,1
DA:125,1
DA:126,1
DA:127,2
DA:128,2
DA:129,2
DA:130,2
DA:131,2
DA:132,2
DA:133,1
DA:134,1
DA:135,1
DA:136,1
DA:137,1
DA:138,1
DA:139,1
DA:140,1
DA:141,1
DA:142,1
DA:143,1
DA:144,1
DA:145,1
DA:146,1
DA:147,2
DA:148,2
DA:149,2
DA:150,2
DA:151,2
DA:152,2
DA:153,2
DA:154,2
DA:155,2
DA:156,1
DA:157,0
DA:158,2
DA:159,1
DA:160,1
DA:161,1
DA:162,1
DA:163,1
DA:164,1
DA:165,1
DA:166,2
DA:167,2
DA:168,2
DA:169,2
DA:170,2
DA:171,2
DA:172,2
DA:173,2
DA:174,2
DA:175,1
DA:176,0
DA:177,2
DA:178,1
DA:179,1
DA:180,0
DA:181,0
DA:182,0
DA:183,0
DA:184,0
DA:185,0
DA:186,0
DA:187,0
DA:188,0
DA:189,0
DA:190,0
DA:191,0
DA:192,1
DA:193,1
DA:194,0
DA:195,0
DA:196,0
DA:197,0
DA:198,0
DA:199,0
DA:200,0
DA:201,0
DA:202,0
DA:203,0
DA:204,0
DA:205,0
DA:206,1
DA:207,1
DA:208,1
DA:209,1
DA:210,3
DA:211,3
DA:212,3
DA:213,3
DA:214,3
DA:215,1
DA:216,1
DA:217,2
DA:218,2
DA:219,2
DA:220,2
DA:221,2
DA:222,2
DA:223,2
DA:224,2
DA:225,1
DA:226,1
DA:227,2
DA:228,2
DA:229,2
DA:230,2
DA:231,2
DA:232,2
DA:233,2
DA:234,2
DA:235,2
LF:235
LH:186
BRDA:6,0,0,21
BRDA:7,1,0,11
BRDA:7,2,0,10
BRDA:7,3,0,10
BRDA:38,4,0,9
BRDA:41,5,0,9
BRDA:44,6,0,9
BRDA:46,7,0,0
BRDA:53,8,0,0
BRDA:55,9,0,4
BRDA:74,10,0,2
BRDA:76,11,0,2
BRDA:77,12,0,1
BRDA:78,13,0,0
BRDA:79,14,0,0
BRDA:82,15,0,2
BRDA:84,16,0,2
BRDA:85,17,0,1
BRDA:86,18,0,0
BRDA:87,19,0,0
BRDA:90,20,0,2
BRDA:97,21,0,1
BRDA:98,22,0,0
BRDA:99,23,0,0
BRDA:107,24,0,2
BRDA:117,25,0,1
BRDA:118,26,0,0
BRDA:119,27,0,0
BRDA:126,28,0,2
BRDA:132,29,0,2
BRDA:146,30,0,2
BRDA:154,31,0,2
BRDA:155,32,0,1
BRDA:156,33,0,0
BRDA:157,34,0,0
BRDA:165,35,0,2
BRDA:173,36,0,2
BRDA:174,37,0,1
BRDA:175,38,0,0
BRDA:176,39,0,0
BRDA:209,40,0,3
BRDA:216,41,0,2
BRDA:226,42,0,2
BRDA:235,43,0,2
BRF:44
BRH:30
end_of_record
TN:
SF:src/utils/cookie.ts
FN:1,getCookie
FN:13,setCookie
FN:45,deleteCookie
FNF:3
FNH:0
FNDA:0,getCookie
FNDA:0,setCookie
FNDA:0,deleteCookie
DA:1,0
DA:2,0
DA:3,0
DA:4,0
DA:5,0
DA:6,0
DA:7,0
DA:8,0
DA:9,0
DA:10,0
DA:11,0
DA:12,1
DA:13,0
DA:14,0
DA:15,0
DA:16,0
DA:17,0
DA:18,0
DA:19,0
DA:20,0
DA:21,0
DA:22,0
DA:23,0
DA:24,0
DA:25,0
DA:26,0
DA:27,0
DA:28,0
DA:29,0
DA:30,0
DA:31,0
DA:32,0
DA:33,0
DA:34,0
DA:35,0
DA:36,0
DA:37,0
DA:38,0
DA:39,0
DA:40,0
DA:41,0
DA:42,0
DA:43,0
DA:44,1
DA:45,0
DA:46,0
DA:47,0
LF:47
LH:2
BRF:0
BRH:0
end_of_record
